{"C:\\Users\\muril\\OneDrive\\Documentos\\LDSO\\t3g3\\back-end\\index.js":{"path":"C:\\Users\\muril\\OneDrive\\Documentos\\LDSO\\t3g3\\back-end\\index.js","statementMap":{"0":{"start":{"line":1,"column":14},"end":{"line":1,"column":32}},"1":{"start":{"line":2,"column":0},"end":{"line":2,"column":20}},"2":{"start":{"line":3,"column":10},"end":{"line":3,"column":19}},"3":{"start":{"line":5,"column":17},"end":{"line":5,"column":39}},"4":{"start":{"line":7,"column":18},"end":{"line":7,"column":48}},"5":{"start":{"line":8,"column":18},"end":{"line":8,"column":49}},"6":{"start":{"line":9,"column":23},"end":{"line":9,"column":59}},"7":{"start":{"line":10,"column":26},"end":{"line":10,"column":65}},"8":{"start":{"line":11,"column":24},"end":{"line":11,"column":60}},"9":{"start":{"line":12,"column":20},"end":{"line":12,"column":52}},"10":{"start":{"line":13,"column":20},"end":{"line":13,"column":53}},"11":{"start":{"line":14,"column":24},"end":{"line":14,"column":61}},"12":{"start":{"line":15,"column":18},"end":{"line":15,"column":49}},"13":{"start":{"line":16,"column":17},"end":{"line":16,"column":47}},"14":{"start":{"line":18,"column":0},"end":{"line":20,"column":2}},"15":{"start":{"line":19,"column":4},"end":{"line":19,"column":41}},"16":{"start":{"line":23,"column":13},"end":{"line":23,"column":37}},"17":{"start":{"line":25,"column":0},"end":{"line":27,"column":3}},"18":{"start":{"line":26,"column":2},"end":{"line":26,"column":47}},"19":{"start":{"line":30,"column":0},"end":{"line":30,"column":27}},"20":{"start":{"line":32,"column":0},"end":{"line":32,"column":31}},"21":{"start":{"line":33,"column":0},"end":{"line":33,"column":32}},"22":{"start":{"line":34,"column":0},"end":{"line":34,"column":42}},"23":{"start":{"line":35,"column":0},"end":{"line":35,"column":48}},"24":{"start":{"line":36,"column":0},"end":{"line":36,"column":42}},"25":{"start":{"line":37,"column":0},"end":{"line":37,"column":33}},"26":{"start":{"line":38,"column":0},"end":{"line":38,"column":42}},"27":{"start":{"line":39,"column":0},"end":{"line":39,"column":37}},"28":{"start":{"line":40,"column":0},"end":{"line":40,"column":31}},"29":{"start":{"line":41,"column":0},"end":{"line":41,"column":30}},"30":{"start":{"line":43,"column":0},"end":{"line":43,"column":21}}},"fnMap":{"0":{"name":"(anonymous_0)","decl":{"start":{"line":18,"column":13},"end":{"line":18,"column":14}},"loc":{"start":{"line":18,"column":27},"end":{"line":20,"column":1}},"line":18},"1":{"name":"(anonymous_1)","decl":{"start":{"line":25,"column":17},"end":{"line":25,"column":18}},"loc":{"start":{"line":25,"column":28},"end":{"line":27,"column":1}},"line":25}},"branchMap":{"0":{"loc":{"start":{"line":23,"column":13},"end":{"line":23,"column":37}},"type":"binary-expr","locations":[{"start":{"line":23,"column":13},"end":{"line":23,"column":29}},{"start":{"line":23,"column":33},"end":{"line":23,"column":37}}],"line":23}},"s":{"0":1,"1":1,"2":1,"3":1,"4":1,"5":1,"6":1,"7":1,"8":1,"9":1,"10":1,"11":1,"12":1,"13":1,"14":1,"15":1,"16":1,"17":1,"18":1,"19":1,"20":1,"21":1,"22":1,"23":1,"24":1,"25":1,"26":1,"27":1,"28":1,"29":1,"30":1},"f":{"0":1,"1":1},"b":{"0":[1,1]},"_coverageSchema":"1a1c01bbd47fc00a2c39e90264f33305004495a9","hash":"bdfc48e85dc29bd9faa741d894d3142553dfe99c","contentHash":"0adf10f79ec4d6d16729d10186b492cd26fe35edefb5758189adf62b14a3de78"},"C:\\Users\\muril\\OneDrive\\Documentos\\LDSO\\t3g3\\back-end\\models\\index.js":{"path":"C:\\Users\\muril\\OneDrive\\Documentos\\LDSO\\t3g3\\back-end\\models\\index.js","statementMap":{"0":{"start":{"line":3,"column":11},"end":{"line":3,"column":24}},"1":{"start":{"line":4,"column":13},"end":{"line":4,"column":28}},"2":{"start":{"line":5,"column":18},"end":{"line":5,"column":38}},"3":{"start":{"line":6,"column":17},"end":{"line":6,"column":42}},"4":{"start":{"line":7,"column":12},"end":{"line":7,"column":49}},"5":{"start":{"line":8,"column":15},"end":{"line":8,"column":65}},"6":{"start":{"line":9,"column":11},"end":{"line":9,"column":13}},"7":{"start":{"line":12,"column":0},"end":{"line":16,"column":1}},"8":{"start":{"line":13,"column":2},"end":{"line":13,"column":73}},"9":{"start":{"line":15,"column":2},"end":{"line":15,"column":86}},"10":{"start":{"line":18,"column":0},"end":{"line":26,"column":4}},"11":{"start":{"line":21,"column":4},"end":{"line":21,"column":89}},"12":{"start":{"line":24,"column":18},"end":{"line":24,"column":85}},"13":{"start":{"line":25,"column":4},"end":{"line":25,"column":26}},"14":{"start":{"line":27,"column":0},"end":{"line":27,"column":18}},"15":{"start":{"line":28,"column":0},"end":{"line":33,"column":2}},"16":{"start":{"line":29,"column":2},"end":{"line":29,"column":24}},"17":{"start":{"line":30,"column":2},"end":{"line":32,"column":3}},"18":{"start":{"line":31,"column":4},"end":{"line":31,"column":31}},"19":{"start":{"line":35,"column":0},"end":{"line":35,"column":24}},"20":{"start":{"line":36,"column":0},"end":{"line":36,"column":24}},"21":{"start":{"line":38,"column":0},"end":{"line":43,"column":1}},"22":{"start":{"line":39,"column":2},"end":{"line":39,"column":26}},"23":{"start":{"line":40,"column":2},"end":{"line":40,"column":35}},"24":{"start":{"line":42,"column":2},"end":{"line":42,"column":35}},"25":{"start":{"line":45,"column":0},"end":{"line":45,"column":19}}},"fnMap":{"0":{"name":"(anonymous_0)","decl":{"start":{"line":20,"column":10},"end":{"line":20,"column":11}},"loc":{"start":{"line":20,"column":18},"end":{"line":22,"column":3}},"line":20},"1":{"name":"(anonymous_1)","decl":{"start":{"line":23,"column":11},"end":{"line":23,"column":12}},"loc":{"start":{"line":23,"column":19},"end":{"line":26,"column":3}},"line":23},"2":{"name":"(anonymous_2)","decl":{"start":{"line":28,"column":24},"end":{"line":28,"column":25}},"loc":{"start":{"line":28,"column":37},"end":{"line":33,"column":1}},"line":28}},"branchMap":{"0":{"loc":{"start":{"line":7,"column":12},"end":{"line":7,"column":49}},"type":"binary-expr","locations":[{"start":{"line":7,"column":12},"end":{"line":7,"column":32}},{"start":{"line":7,"column":36},"end":{"line":7,"column":49}}],"line":7},"1":{"loc":{"start":{"line":12,"column":0},"end":{"line":16,"column":1}},"type":"if","locations":[{"start":{"line":12,"column":0},"end":{"line":16,"column":1}},{"start":{"line":12,"column":0},"end":{"line":16,"column":1}}],"line":12},"2":{"loc":{"start":{"line":21,"column":11},"end":{"line":21,"column":89}},"type":"binary-expr","locations":[{"start":{"line":21,"column":12},"end":{"line":21,"column":35}},{"start":{"line":21,"column":41},"end":{"line":21,"column":58}},{"start":{"line":21,"column":64},"end":{"line":21,"column":88}}],"line":21},"3":{"loc":{"start":{"line":30,"column":2},"end":{"line":32,"column":3}},"type":"if","locations":[{"start":{"line":30,"column":2},"end":{"line":32,"column":3}},{"start":{"line":30,"column":2},"end":{"line":32,"column":3}}],"line":30}},"s":{"0":1,"1":1,"2":1,"3":1,"4":1,"5":1,"6":1,"7":1,"8":0,"9":1,"10":1,"11":15,"12":14,"13":14,"14":1,"15":1,"16":14,"17":14,"18":14,"19":1,"20":1,"21":1,"22":1,"23":1,"24":0,"25":1},"f":{"0":15,"1":14,"2":14},"b":{"0":[1,1],"1":[0,1],"2":[15,15,14],"3":[14,0]},"_coverageSchema":"1a1c01bbd47fc00a2c39e90264f33305004495a9","hash":"da886bfa4510a181d0b60bf8967909237419abfb","contentHash":"2b5a0e44b11fe4e3a2068a0b318d4274043ff48254bba01aef10235de57dcbc8"},"C:\\Users\\muril\\OneDrive\\Documentos\\LDSO\\t3g3\\back-end\\models\\company.js":{"path":"C:\\Users\\muril\\OneDrive\\Documentos\\LDSO\\t3g3\\back-end\\models\\company.js","statementMap":{"0":{"start":{"line":4,"column":4},"end":{"line":4,"column":24}},"1":{"start":{"line":5,"column":0},"end":{"line":28,"column":1}},"2":{"start":{"line":13,"column":6},"end":{"line":13,"column":82}},"3":{"start":{"line":14,"column":6},"end":{"line":14,"column":61}},"4":{"start":{"line":17,"column":2},"end":{"line":26,"column":4}},"5":{"start":{"line":27,"column":2},"end":{"line":27,"column":16}}},"fnMap":{"0":{"name":"(anonymous_0)","decl":{"start":{"line":5,"column":17},"end":{"line":5,"column":18}},"loc":{"start":{"line":5,"column":43},"end":{"line":28,"column":1}},"line":5},"1":{"name":"(anonymous_1)","decl":{"start":{"line":12,"column":4},"end":{"line":12,"column":5}},"loc":{"start":{"line":12,"column":30},"end":{"line":15,"column":5}},"line":12}},"branchMap":{},"s":{"0":1,"1":1,"2":1,"3":1,"4":1,"5":1},"f":{"0":1,"1":1},"b":{},"_coverageSchema":"1a1c01bbd47fc00a2c39e90264f33305004495a9","hash":"2d6f1da2c364293a50be4c1e6e050c5d939db469","contentHash":"3abf378833778d2dd98438b09fe6c09b416699529ba0ecc93e0ec4607a46286a"},"C:\\Users\\muril\\OneDrive\\Documentos\\LDSO\\t3g3\\back-end\\models\\competition.js":{"path":"C:\\Users\\muril\\OneDrive\\Documentos\\LDSO\\t3g3\\back-end\\models\\competition.js","statementMap":{"0":{"start":{"line":4,"column":4},"end":{"line":4,"column":24}},"1":{"start":{"line":5,"column":0},"end":{"line":35,"column":1}},"2":{"start":{"line":13,"column":6},"end":{"line":13,"column":77}},"3":{"start":{"line":14,"column":6},"end":{"line":14,"column":64}},"4":{"start":{"line":15,"column":6},"end":{"line":15,"column":77}},"5":{"start":{"line":16,"column":6},"end":{"line":16,"column":85}},"6":{"start":{"line":19,"column":2},"end":{"line":33,"column":4}},"7":{"start":{"line":34,"column":2},"end":{"line":34,"column":20}}},"fnMap":{"0":{"name":"(anonymous_0)","decl":{"start":{"line":5,"column":17},"end":{"line":5,"column":18}},"loc":{"start":{"line":5,"column":43},"end":{"line":35,"column":1}},"line":5},"1":{"name":"(anonymous_1)","decl":{"start":{"line":12,"column":4},"end":{"line":12,"column":5}},"loc":{"start":{"line":12,"column":30},"end":{"line":17,"column":5}},"line":12}},"branchMap":{},"s":{"0":1,"1":1,"2":1,"3":1,"4":1,"5":1,"6":1,"7":1},"f":{"0":1,"1":1},"b":{},"_coverageSchema":"1a1c01bbd47fc00a2c39e90264f33305004495a9","hash":"7232e66138d5555b3555cb44d1cd7afc392f43fd","contentHash":"c1146d72432c1dd037b085fbe83dab1b68fbb3ea3d698c6ad3d546e9b3cb413c"},"C:\\Users\\muril\\OneDrive\\Documentos\\LDSO\\t3g3\\back-end\\models\\invite.js":{"path":"C:\\Users\\muril\\OneDrive\\Documentos\\LDSO\\t3g3\\back-end\\models\\invite.js","statementMap":{"0":{"start":{"line":4,"column":4},"end":{"line":4,"column":24}},"1":{"start":{"line":6,"column":23},"end":{"line":9,"column":2}},"2":{"start":{"line":11,"column":0},"end":{"line":39,"column":1}},"3":{"start":{"line":22,"column":2},"end":{"line":37,"column":4}},"4":{"start":{"line":33,"column":8},"end":{"line":33,"column":48}},"5":{"start":{"line":38,"column":2},"end":{"line":38,"column":15}}},"fnMap":{"0":{"name":"(anonymous_0)","decl":{"start":{"line":11,"column":17},"end":{"line":11,"column":18}},"loc":{"start":{"line":11,"column":43},"end":{"line":39,"column":1}},"line":11},"1":{"name":"(anonymous_1)","decl":{"start":{"line":18,"column":4},"end":{"line":18,"column":5}},"loc":{"start":{"line":18,"column":30},"end":{"line":20,"column":5}},"line":18},"2":{"name":"(anonymous_2)","decl":{"start":{"line":32,"column":20},"end":{"line":32,"column":21}},"loc":{"start":{"line":32,"column":32},"end":{"line":34,"column":7}},"line":32}},"branchMap":{},"s":{"0":1,"1":1,"2":1,"3":1,"4":0,"5":1},"f":{"0":1,"1":1,"2":0},"b":{},"_coverageSchema":"1a1c01bbd47fc00a2c39e90264f33305004495a9","hash":"71fbf73e4f0e925a28fa1d78eea4ca5aa43c3b02","contentHash":"d72ca431d95a90703438ccd0f45186a3c3dc71a139b1c9c90b9449c35386b601"},"C:\\Users\\muril\\OneDrive\\Documentos\\LDSO\\t3g3\\back-end\\models\\news.js":{"path":"C:\\Users\\muril\\OneDrive\\Documentos\\LDSO\\t3g3\\back-end\\models\\news.js","statementMap":{"0":{"start":{"line":4,"column":4},"end":{"line":4,"column":24}},"1":{"start":{"line":5,"column":0},"end":{"line":29,"column":1}},"2":{"start":{"line":13,"column":6},"end":{"line":13,"column":73}},"3":{"start":{"line":14,"column":6},"end":{"line":14,"column":59}},"4":{"start":{"line":17,"column":2},"end":{"line":27,"column":4}},"5":{"start":{"line":28,"column":2},"end":{"line":28,"column":13}}},"fnMap":{"0":{"name":"(anonymous_0)","decl":{"start":{"line":5,"column":17},"end":{"line":5,"column":18}},"loc":{"start":{"line":5,"column":43},"end":{"line":29,"column":1}},"line":5},"1":{"name":"(anonymous_1)","decl":{"start":{"line":12,"column":4},"end":{"line":12,"column":5}},"loc":{"start":{"line":12,"column":30},"end":{"line":15,"column":5}},"line":12}},"branchMap":{},"s":{"0":1,"1":1,"2":1,"3":1,"4":1,"5":1},"f":{"0":1,"1":1},"b":{},"_coverageSchema":"1a1c01bbd47fc00a2c39e90264f33305004495a9","hash":"eb3395beed0c717a29ffbed130cc7c9b9928d72b","contentHash":"b7db2ba2ca9301ddd83f42afafab3e632022cad5df7a7b37702880fc15691436"},"C:\\Users\\muril\\OneDrive\\Documentos\\LDSO\\t3g3\\back-end\\models\\order.js":{"path":"C:\\Users\\muril\\OneDrive\\Documentos\\LDSO\\t3g3\\back-end\\models\\order.js","statementMap":{"0":{"start":{"line":4,"column":4},"end":{"line":4,"column":24}},"1":{"start":{"line":5,"column":0},"end":{"line":31,"column":1}},"2":{"start":{"line":13,"column":6},"end":{"line":13,"column":61}},"3":{"start":{"line":14,"column":6},"end":{"line":14,"column":70}},"4":{"start":{"line":15,"column":6},"end":{"line":15,"column":71}},"5":{"start":{"line":18,"column":2},"end":{"line":29,"column":4}},"6":{"start":{"line":30,"column":2},"end":{"line":30,"column":14}}},"fnMap":{"0":{"name":"(anonymous_0)","decl":{"start":{"line":5,"column":17},"end":{"line":5,"column":18}},"loc":{"start":{"line":5,"column":43},"end":{"line":31,"column":1}},"line":5},"1":{"name":"(anonymous_1)","decl":{"start":{"line":12,"column":4},"end":{"line":12,"column":5}},"loc":{"start":{"line":12,"column":30},"end":{"line":16,"column":5}},"line":12}},"branchMap":{},"s":{"0":1,"1":1,"2":1,"3":1,"4":1,"5":1,"6":1},"f":{"0":1,"1":1},"b":{},"_coverageSchema":"1a1c01bbd47fc00a2c39e90264f33305004495a9","hash":"b38b602bf7064475a5538d45d8057836e943856a","contentHash":"583e413fb31603f8e4f31a793cfc7cf7dc072b3a2484fd2380caf13e5ae458c2"},"C:\\Users\\muril\\OneDrive\\Documentos\\LDSO\\t3g3\\back-end\\models\\playercompetition.js":{"path":"C:\\Users\\muril\\OneDrive\\Documentos\\LDSO\\t3g3\\back-end\\models\\playercompetition.js","statementMap":{"0":{"start":{"line":4,"column":4},"end":{"line":4,"column":24}},"1":{"start":{"line":5,"column":0},"end":{"line":28,"column":1}},"2":{"start":{"line":13,"column":6},"end":{"line":13,"column":73}},"3":{"start":{"line":14,"column":6},"end":{"line":14,"column":61}},"4":{"start":{"line":15,"column":6},"end":{"line":15,"column":72}},"5":{"start":{"line":20,"column":2},"end":{"line":26,"column":4}},"6":{"start":{"line":27,"column":2},"end":{"line":27,"column":26}}},"fnMap":{"0":{"name":"(anonymous_0)","decl":{"start":{"line":5,"column":17},"end":{"line":5,"column":18}},"loc":{"start":{"line":5,"column":43},"end":{"line":28,"column":1}},"line":5},"1":{"name":"(anonymous_1)","decl":{"start":{"line":12,"column":4},"end":{"line":12,"column":5}},"loc":{"start":{"line":12,"column":30},"end":{"line":18,"column":5}},"line":12}},"branchMap":{},"s":{"0":1,"1":1,"2":1,"3":1,"4":1,"5":1,"6":1},"f":{"0":1,"1":1},"b":{},"_coverageSchema":"1a1c01bbd47fc00a2c39e90264f33305004495a9","hash":"3db30a21fd0ad875aad15caea6fb58cc911d05e7","contentHash":"4d3f053424512f85df6356e047b26640f81809d6f5c05105b9ede301772e0d60"},"C:\\Users\\muril\\OneDrive\\Documentos\\LDSO\\t3g3\\back-end\\models\\question.js":{"path":"C:\\Users\\muril\\OneDrive\\Documentos\\LDSO\\t3g3\\back-end\\models\\question.js","statementMap":{"0":{"start":{"line":4,"column":4},"end":{"line":4,"column":24}},"1":{"start":{"line":5,"column":0},"end":{"line":27,"column":1}},"2":{"start":{"line":14,"column":6},"end":{"line":14,"column":92}},"3":{"start":{"line":17,"column":2},"end":{"line":25,"column":4}},"4":{"start":{"line":26,"column":2},"end":{"line":26,"column":17}}},"fnMap":{"0":{"name":"(anonymous_0)","decl":{"start":{"line":5,"column":17},"end":{"line":5,"column":18}},"loc":{"start":{"line":5,"column":43},"end":{"line":27,"column":1}},"line":5},"1":{"name":"(anonymous_1)","decl":{"start":{"line":12,"column":4},"end":{"line":12,"column":5}},"loc":{"start":{"line":12,"column":30},"end":{"line":15,"column":5}},"line":12}},"branchMap":{},"s":{"0":1,"1":1,"2":1,"3":1,"4":1},"f":{"0":1,"1":1},"b":{},"_coverageSchema":"1a1c01bbd47fc00a2c39e90264f33305004495a9","hash":"fd147c2918a7528a2e86122e437bf23193b25a9f","contentHash":"4dee2e9d0a138a4df2cb55edec8e150a2c45b5a430f02e70e11229be986275e0"},"C:\\Users\\muril\\OneDrive\\Documentos\\LDSO\\t3g3\\back-end\\models\\stock.js":{"path":"C:\\Users\\muril\\OneDrive\\Documentos\\LDSO\\t3g3\\back-end\\models\\stock.js","statementMap":{"0":{"start":{"line":4,"column":4},"end":{"line":4,"column":24}},"1":{"start":{"line":5,"column":0},"end":{"line":29,"column":1}},"2":{"start":{"line":13,"column":6},"end":{"line":13,"column":65}},"3":{"start":{"line":14,"column":6},"end":{"line":14,"column":61}},"4":{"start":{"line":15,"column":6},"end":{"line":15,"column":64}},"5":{"start":{"line":16,"column":6},"end":{"line":16,"column":67}},"6":{"start":{"line":19,"column":2},"end":{"line":27,"column":4}},"7":{"start":{"line":28,"column":2},"end":{"line":28,"column":14}}},"fnMap":{"0":{"name":"(anonymous_0)","decl":{"start":{"line":5,"column":17},"end":{"line":5,"column":18}},"loc":{"start":{"line":5,"column":43},"end":{"line":29,"column":1}},"line":5},"1":{"name":"(anonymous_1)","decl":{"start":{"line":12,"column":4},"end":{"line":12,"column":5}},"loc":{"start":{"line":12,"column":30},"end":{"line":17,"column":5}},"line":12}},"branchMap":{},"s":{"0":1,"1":1,"2":1,"3":1,"4":1,"5":1,"6":1,"7":1},"f":{"0":1,"1":1},"b":{},"_coverageSchema":"1a1c01bbd47fc00a2c39e90264f33305004495a9","hash":"849238d513e3837604e1c3ebec9cdfe82ade0671","contentHash":"d45e869594753a0b585b5fbfc3ad9f65cb80624ff0edc5dd02a557dcedffbc91"},"C:\\Users\\muril\\OneDrive\\Documentos\\LDSO\\t3g3\\back-end\\models\\stockexchange.js":{"path":"C:\\Users\\muril\\OneDrive\\Documentos\\LDSO\\t3g3\\back-end\\models\\stockexchange.js","statementMap":{"0":{"start":{"line":4,"column":4},"end":{"line":4,"column":24}},"1":{"start":{"line":5,"column":0},"end":{"line":27,"column":1}},"2":{"start":{"line":13,"column":6},"end":{"line":13,"column":61}},"3":{"start":{"line":14,"column":6},"end":{"line":14,"column":64}},"4":{"start":{"line":15,"column":6},"end":{"line":15,"column":65}},"5":{"start":{"line":18,"column":2},"end":{"line":25,"column":4}},"6":{"start":{"line":26,"column":2},"end":{"line":26,"column":22}}},"fnMap":{"0":{"name":"(anonymous_0)","decl":{"start":{"line":5,"column":17},"end":{"line":5,"column":18}},"loc":{"start":{"line":5,"column":43},"end":{"line":27,"column":1}},"line":5},"1":{"name":"(anonymous_1)","decl":{"start":{"line":12,"column":4},"end":{"line":12,"column":5}},"loc":{"start":{"line":12,"column":30},"end":{"line":16,"column":5}},"line":12}},"branchMap":{},"s":{"0":1,"1":1,"2":1,"3":1,"4":1,"5":1,"6":1},"f":{"0":1,"1":1},"b":{},"_coverageSchema":"1a1c01bbd47fc00a2c39e90264f33305004495a9","hash":"38e05cf79a0419336192a14a564557001a6ab92e","contentHash":"87b7a7bdf6f44a09748ef91280201df75d54774eb211fcb7925bd85b9039255e"},"C:\\Users\\muril\\OneDrive\\Documentos\\LDSO\\t3g3\\back-end\\models\\stockvalue.js":{"path":"C:\\Users\\muril\\OneDrive\\Documentos\\LDSO\\t3g3\\back-end\\models\\stockvalue.js","statementMap":{"0":{"start":{"line":4,"column":4},"end":{"line":4,"column":24}},"1":{"start":{"line":5,"column":0},"end":{"line":25,"column":1}},"2":{"start":{"line":13,"column":6},"end":{"line":13,"column":61}},"3":{"start":{"line":16,"column":2},"end":{"line":23,"column":4}},"4":{"start":{"line":24,"column":2},"end":{"line":24,"column":19}}},"fnMap":{"0":{"name":"(anonymous_0)","decl":{"start":{"line":5,"column":17},"end":{"line":5,"column":18}},"loc":{"start":{"line":5,"column":43},"end":{"line":25,"column":1}},"line":5},"1":{"name":"(anonymous_1)","decl":{"start":{"line":12,"column":4},"end":{"line":12,"column":5}},"loc":{"start":{"line":12,"column":30},"end":{"line":14,"column":5}},"line":12}},"branchMap":{},"s":{"0":1,"1":1,"2":1,"3":1,"4":1},"f":{"0":1,"1":1},"b":{},"_coverageSchema":"1a1c01bbd47fc00a2c39e90264f33305004495a9","hash":"a17c5f452f0a6a253683f53112de438732d9bc42","contentHash":"17aad95b0be2f3b5b57b4b71fbfd78d5ca2d7a0f9fdb294072144d17e86a75d9"},"C:\\Users\\muril\\OneDrive\\Documentos\\LDSO\\t3g3\\back-end\\models\\tenant.js":{"path":"C:\\Users\\muril\\OneDrive\\Documentos\\LDSO\\t3g3\\back-end\\models\\tenant.js","statementMap":{"0":{"start":{"line":4,"column":4},"end":{"line":4,"column":24}},"1":{"start":{"line":5,"column":15},"end":{"line":5,"column":34}},"2":{"start":{"line":7,"column":0},"end":{"line":35,"column":1}},"3":{"start":{"line":15,"column":6},"end":{"line":15,"column":90}},"4":{"start":{"line":18,"column":2},"end":{"line":33,"column":4}},"5":{"start":{"line":28,"column":21},"end":{"line":28,"column":41}},"6":{"start":{"line":29,"column":8},"end":{"line":29,"column":64}},"7":{"start":{"line":34,"column":2},"end":{"line":34,"column":15}}},"fnMap":{"0":{"name":"(anonymous_0)","decl":{"start":{"line":7,"column":17},"end":{"line":7,"column":18}},"loc":{"start":{"line":7,"column":43},"end":{"line":35,"column":1}},"line":7},"1":{"name":"(anonymous_1)","decl":{"start":{"line":14,"column":4},"end":{"line":14,"column":5}},"loc":{"start":{"line":14,"column":30},"end":{"line":16,"column":5}},"line":14},"2":{"name":"(anonymous_2)","decl":{"start":{"line":27,"column":20},"end":{"line":27,"column":21}},"loc":{"start":{"line":27,"column":32},"end":{"line":30,"column":7}},"line":27}},"branchMap":{},"s":{"0":1,"1":1,"2":1,"3":1,"4":1,"5":0,"6":0,"7":1},"f":{"0":1,"1":1,"2":0},"b":{},"_coverageSchema":"1a1c01bbd47fc00a2c39e90264f33305004495a9","hash":"e7f5f43d67ea9d50950c163f0219ccfab2816a0c","contentHash":"de6dfd9f495b9e3357ecc493adcdf5b2ed5e7b2407a31fedce4524ae353201d4"},"C:\\Users\\muril\\OneDrive\\Documentos\\LDSO\\t3g3\\back-end\\models\\tenanttype.js":{"path":"C:\\Users\\muril\\OneDrive\\Documentos\\LDSO\\t3g3\\back-end\\models\\tenanttype.js","statementMap":{"0":{"start":{"line":4,"column":4},"end":{"line":4,"column":24}},"1":{"start":{"line":6,"column":0},"end":{"line":25,"column":1}},"2":{"start":{"line":14,"column":6},"end":{"line":14,"column":66}},"3":{"start":{"line":17,"column":2},"end":{"line":23,"column":4}},"4":{"start":{"line":24,"column":2},"end":{"line":24,"column":19}}},"fnMap":{"0":{"name":"(anonymous_0)","decl":{"start":{"line":6,"column":17},"end":{"line":6,"column":18}},"loc":{"start":{"line":6,"column":43},"end":{"line":25,"column":1}},"line":6},"1":{"name":"(anonymous_1)","decl":{"start":{"line":13,"column":4},"end":{"line":13,"column":5}},"loc":{"start":{"line":13,"column":30},"end":{"line":15,"column":5}},"line":13}},"branchMap":{},"s":{"0":1,"1":1,"2":1,"3":1,"4":1},"f":{"0":1,"1":1},"b":{},"_coverageSchema":"1a1c01bbd47fc00a2c39e90264f33305004495a9","hash":"31e18929950ffb704c54d898d3a03ee12abfcda4","contentHash":"8ed73a6b582bac0965e4fd91f4181c9eae2ecefc5df50d50a9b78e725bd04131"},"C:\\Users\\muril\\OneDrive\\Documentos\\LDSO\\t3g3\\back-end\\models\\user.js":{"path":"C:\\Users\\muril\\OneDrive\\Documentos\\LDSO\\t3g3\\back-end\\models\\user.js","statementMap":{"0":{"start":{"line":4,"column":4},"end":{"line":4,"column":24}},"1":{"start":{"line":5,"column":15},"end":{"line":5,"column":34}},"2":{"start":{"line":6,"column":0},"end":{"line":47,"column":1}},"3":{"start":{"line":14,"column":6},"end":{"line":14,"column":67}},"4":{"start":{"line":17,"column":6},"end":{"line":17,"column":75}},"5":{"start":{"line":18,"column":6},"end":{"line":18,"column":77}},"6":{"start":{"line":20,"column":6},"end":{"line":20,"column":60}},"7":{"start":{"line":21,"column":6},"end":{"line":21,"column":57}},"8":{"start":{"line":22,"column":6},"end":{"line":22,"column":60}},"9":{"start":{"line":23,"column":6},"end":{"line":23,"column":72}},"10":{"start":{"line":25,"column":6},"end":{"line":25,"column":87}},"11":{"start":{"line":28,"column":2},"end":{"line":45,"column":4}},"12":{"start":{"line":40,"column":21},"end":{"line":40,"column":41}},"13":{"start":{"line":41,"column":8},"end":{"line":41,"column":60}},"14":{"start":{"line":46,"column":2},"end":{"line":46,"column":13}}},"fnMap":{"0":{"name":"(anonymous_0)","decl":{"start":{"line":6,"column":17},"end":{"line":6,"column":18}},"loc":{"start":{"line":6,"column":43},"end":{"line":47,"column":1}},"line":6},"1":{"name":"(anonymous_1)","decl":{"start":{"line":13,"column":4},"end":{"line":13,"column":5}},"loc":{"start":{"line":13,"column":30},"end":{"line":26,"column":5}},"line":13},"2":{"name":"(anonymous_2)","decl":{"start":{"line":39,"column":20},"end":{"line":39,"column":21}},"loc":{"start":{"line":39,"column":30},"end":{"line":42,"column":7}},"line":39}},"branchMap":{},"s":{"0":1,"1":1,"2":1,"3":1,"4":1,"5":1,"6":1,"7":1,"8":1,"9":1,"10":1,"11":1,"12":0,"13":0,"14":1},"f":{"0":1,"1":1,"2":0},"b":{},"_coverageSchema":"1a1c01bbd47fc00a2c39e90264f33305004495a9","hash":"9a85cc752694678dc717b706f1b9c3bf088c4fef","contentHash":"8a9f38767d3932e603c10cb5c7c1ed8c4e62372c3f2c9c1f585d610980c2929a"},"C:\\Users\\muril\\OneDrive\\Documentos\\LDSO\\t3g3\\back-end\\models\\usertype.js":{"path":"C:\\Users\\muril\\OneDrive\\Documentos\\LDSO\\t3g3\\back-end\\models\\usertype.js","statementMap":{"0":{"start":{"line":4,"column":4},"end":{"line":4,"column":24}},"1":{"start":{"line":5,"column":0},"end":{"line":24,"column":1}},"2":{"start":{"line":13,"column":6},"end":{"line":13,"column":61}},"3":{"start":{"line":16,"column":2},"end":{"line":22,"column":4}},"4":{"start":{"line":23,"column":2},"end":{"line":23,"column":17}}},"fnMap":{"0":{"name":"(anonymous_0)","decl":{"start":{"line":5,"column":17},"end":{"line":5,"column":18}},"loc":{"start":{"line":5,"column":43},"end":{"line":24,"column":1}},"line":5},"1":{"name":"(anonymous_1)","decl":{"start":{"line":12,"column":4},"end":{"line":12,"column":5}},"loc":{"start":{"line":12,"column":30},"end":{"line":14,"column":5}},"line":12}},"branchMap":{},"s":{"0":1,"1":1,"2":1,"3":1,"4":1},"f":{"0":1,"1":1},"b":{},"_coverageSchema":"1a1c01bbd47fc00a2c39e90264f33305004495a9","hash":"9739d21ce61ab5db7c2cb7d824916114cd5fa438","contentHash":"10e3f3aba6b8cf68274897cbe6a124ede3a28b82a037b867996c1b0b513714cc"},"C:\\Users\\muril\\OneDrive\\Documentos\\LDSO\\t3g3\\back-end\\routes\\userRoutes.js":{"path":"C:\\Users\\muril\\OneDrive\\Documentos\\LDSO\\t3g3\\back-end\\routes\\userRoutes.js","statementMap":{"0":{"start":{"line":1,"column":16},"end":{"line":1,"column":34}},"1":{"start":{"line":2,"column":15},"end":{"line":2,"column":31}},"2":{"start":{"line":4,"column":23},"end":{"line":4,"column":66}},"3":{"start":{"line":5,"column":26},"end":{"line":5,"column":68}},"4":{"start":{"line":7,"column":0},"end":{"line":7,"column":43}},"5":{"start":{"line":8,"column":0},"end":{"line":8,"column":43}},"6":{"start":{"line":9,"column":0},"end":{"line":9,"column":40}},"7":{"start":{"line":10,"column":0},"end":{"line":10,"column":52}},"8":{"start":{"line":11,"column":0},"end":{"line":11,"column":45}},"9":{"start":{"line":12,"column":0},"end":{"line":12,"column":48}},"10":{"start":{"line":14,"column":0},"end":{"line":14,"column":23}}},"fnMap":{},"branchMap":{},"s":{"0":1,"1":1,"2":1,"3":1,"4":1,"5":1,"6":1,"7":1,"8":1,"9":1,"10":1},"f":{},"b":{},"_coverageSchema":"1a1c01bbd47fc00a2c39e90264f33305004495a9","hash":"72c3c22e67abf3120a0018e4a4be36a1f85081f1","contentHash":"4f9773e3c42d9f9c880dd716fe886c5250f3afc990aaa3a7a6e08f803a22108a"},"C:\\Users\\muril\\OneDrive\\Documentos\\LDSO\\t3g3\\back-end\\controllers\\userController.js":{"path":"C:\\Users\\muril\\OneDrive\\Documentos\\LDSO\\t3g3\\back-end\\controllers\\userController.js","statementMap":{"0":{"start":{"line":1,"column":15},"end":{"line":1,"column":54}},"1":{"start":{"line":3,"column":0},"end":{"line":12,"column":1}},"2":{"start":{"line":4,"column":2},"end":{"line":11,"column":3}},"3":{"start":{"line":6,"column":20},"end":{"line":6,"column":38}},"4":{"start":{"line":7,"column":4},"end":{"line":7,"column":21}},"5":{"start":{"line":9,"column":4},"end":{"line":9,"column":18}},"6":{"start":{"line":10,"column":4},"end":{"line":10,"column":23}},"7":{"start":{"line":14,"column":0},"end":{"line":23,"column":1}},"8":{"start":{"line":15,"column":2},"end":{"line":22,"column":3}},"9":{"start":{"line":17,"column":20},"end":{"line":17,"column":54}},"10":{"start":{"line":18,"column":4},"end":{"line":18,"column":21}},"11":{"start":{"line":20,"column":4},"end":{"line":20,"column":18}},"12":{"start":{"line":21,"column":4},"end":{"line":21,"column":23}},"13":{"start":{"line":25,"column":0},"end":{"line":34,"column":1}},"14":{"start":{"line":26,"column":2},"end":{"line":33,"column":3}},"15":{"start":{"line":28,"column":20},"end":{"line":28,"column":50}},"16":{"start":{"line":29,"column":4},"end":{"line":29,"column":21}},"17":{"start":{"line":31,"column":4},"end":{"line":31,"column":18}},"18":{"start":{"line":32,"column":4},"end":{"line":32,"column":23}},"19":{"start":{"line":36,"column":0},"end":{"line":44,"column":1}},"20":{"start":{"line":37,"column":2},"end":{"line":43,"column":3}},"21":{"start":{"line":38,"column":20},"end":{"line":38,"column":48}},"22":{"start":{"line":39,"column":4},"end":{"line":39,"column":23}},"23":{"start":{"line":41,"column":4},"end":{"line":41,"column":18}},"24":{"start":{"line":42,"column":4},"end":{"line":42,"column":23}},"25":{"start":{"line":46,"column":0},"end":{"line":77,"column":1}},"26":{"start":{"line":47,"column":2},"end":{"line":76,"column":3}},"27":{"start":{"line":49,"column":61},"end":{"line":49,"column":69}},"28":{"start":{"line":50,"column":4},"end":{"line":50,"column":52}},"29":{"start":{"line":52,"column":4},"end":{"line":54,"column":5}},"30":{"start":{"line":53,"column":6},"end":{"line":53,"column":63}},"31":{"start":{"line":55,"column":4},"end":{"line":72,"column":5}},"32":{"start":{"line":56,"column":6},"end":{"line":69,"column":7}},"33":{"start":{"line":57,"column":8},"end":{"line":57,"column":67}},"34":{"start":{"line":58,"column":8},"end":{"line":58,"column":71}},"35":{"start":{"line":59,"column":8},"end":{"line":59,"column":79}},"36":{"start":{"line":60,"column":8},"end":{"line":60,"column":92}},"37":{"start":{"line":61,"column":8},"end":{"line":66,"column":9}},"38":{"start":{"line":62,"column":10},"end":{"line":62,"column":43}},"39":{"start":{"line":63,"column":10},"end":{"line":63,"column":61}},"40":{"start":{"line":65,"column":10},"end":{"line":65,"column":52}},"41":{"start":{"line":68,"column":8},"end":{"line":68,"column":60}},"42":{"start":{"line":71,"column":6},"end":{"line":71,"column":47}},"43":{"start":{"line":74,"column":4},"end":{"line":74,"column":18}},"44":{"start":{"line":75,"column":4},"end":{"line":75,"column":23}}},"fnMap":{"0":{"name":"(anonymous_0)","decl":{"start":{"line":3,"column":19},"end":{"line":3,"column":20}},"loc":{"start":{"line":3,"column":51},"end":{"line":12,"column":1}},"line":3},"1":{"name":"(anonymous_1)","decl":{"start":{"line":14,"column":22},"end":{"line":14,"column":23}},"loc":{"start":{"line":14,"column":54},"end":{"line":23,"column":1}},"line":14},"2":{"name":"(anonymous_2)","decl":{"start":{"line":25,"column":18},"end":{"line":25,"column":19}},"loc":{"start":{"line":25,"column":44},"end":{"line":34,"column":1}},"line":25},"3":{"name":"(anonymous_3)","decl":{"start":{"line":36,"column":21},"end":{"line":36,"column":22}},"loc":{"start":{"line":36,"column":47},"end":{"line":44,"column":1}},"line":36},"4":{"name":"(anonymous_4)","decl":{"start":{"line":46,"column":21},"end":{"line":46,"column":22}},"loc":{"start":{"line":46,"column":47},"end":{"line":77,"column":1}},"line":46}},"branchMap":{"0":{"loc":{"start":{"line":52,"column":4},"end":{"line":54,"column":5}},"type":"if","locations":[{"start":{"line":52,"column":4},"end":{"line":54,"column":5}},{"start":{"line":52,"column":4},"end":{"line":54,"column":5}}],"line":52},"1":{"loc":{"start":{"line":55,"column":4},"end":{"line":72,"column":5}},"type":"if","locations":[{"start":{"line":55,"column":4},"end":{"line":72,"column":5}},{"start":{"line":55,"column":4},"end":{"line":72,"column":5}}],"line":55},"2":{"loc":{"start":{"line":56,"column":6},"end":{"line":69,"column":7}},"type":"if","locations":[{"start":{"line":56,"column":6},"end":{"line":69,"column":7}},{"start":{"line":56,"column":6},"end":{"line":69,"column":7}}],"line":56},"3":{"loc":{"start":{"line":57,"column":25},"end":{"line":57,"column":66}},"type":"cond-expr","locations":[{"start":{"line":57,"column":45},"end":{"line":57,"column":49}},{"start":{"line":57,"column":52},"end":{"line":57,"column":66}}],"line":57},"4":{"loc":{"start":{"line":58,"column":26},"end":{"line":58,"column":70}},"type":"cond-expr","locations":[{"start":{"line":58,"column":47},"end":{"line":58,"column":52}},{"start":{"line":58,"column":55},"end":{"line":58,"column":70}}],"line":58},"5":{"loc":{"start":{"line":59,"column":29},"end":{"line":59,"column":78}},"type":"cond-expr","locations":[{"start":{"line":59,"column":53},"end":{"line":59,"column":61}},{"start":{"line":59,"column":64},"end":{"line":59,"column":78}}],"line":59},"6":{"loc":{"start":{"line":60,"column":32},"end":{"line":60,"column":91}},"type":"cond-expr","locations":[{"start":{"line":60,"column":59},"end":{"line":60,"column":70}},{"start":{"line":60,"column":73},"end":{"line":60,"column":91}}],"line":60},"7":{"loc":{"start":{"line":61,"column":8},"end":{"line":66,"column":9}},"type":"if","locations":[{"start":{"line":61,"column":8},"end":{"line":66,"column":9}},{"start":{"line":61,"column":8},"end":{"line":66,"column":9}}],"line":61},"8":{"loc":{"start":{"line":61,"column":12},"end":{"line":61,"column":101}},"type":"binary-expr","locations":[{"start":{"line":61,"column":12},"end":{"line":61,"column":29}},{"start":{"line":61,"column":33},"end":{"line":61,"column":51}},{"start":{"line":61,"column":55},"end":{"line":61,"column":76}},{"start":{"line":61,"column":80},"end":{"line":61,"column":101}}],"line":61}},"s":{"0":1,"1":1,"2":0,"3":0,"4":0,"5":0,"6":0,"7":1,"8":0,"9":0,"10":0,"11":0,"12":0,"13":1,"14":0,"15":0,"16":0,"17":0,"18":0,"19":1,"20":0,"21":0,"22":0,"23":0,"24":0,"25":1,"26":0,"27":0,"28":0,"29":0,"30":0,"31":0,"32":0,"33":0,"34":0,"35":0,"36":0,"37":0,"38":0,"39":0,"40":0,"41":0,"42":0,"43":0,"44":0},"f":{"0":0,"1":0,"2":0,"3":0,"4":0},"b":{"0":[0,0],"1":[0,0],"2":[0,0],"3":[0,0],"4":[0,0],"5":[0,0],"6":[0,0],"7":[0,0],"8":[0,0,0,0]},"_coverageSchema":"1a1c01bbd47fc00a2c39e90264f33305004495a9","hash":"49be9e02e7c5e7433da28e8d5c37239a1f60f322","contentHash":"fb9d50d6345865d372a490893cd680983bcca93fcd1fb64ac8107d6ead9c1008"},"C:\\Users\\muril\\OneDrive\\Documentos\\LDSO\\t3g3\\back-end\\repository\\userRepository.js":{"path":"C:\\Users\\muril\\OneDrive\\Documentos\\LDSO\\t3g3\\back-end\\repository\\userRepository.js","statementMap":{"0":{"start":{"line":1,"column":15},"end":{"line":1,"column":35}},"1":{"start":{"line":2,"column":15},"end":{"line":2,"column":34}},"2":{"start":{"line":4,"column":0},"end":{"line":119,"column":1}},"3":{"start":{"line":27,"column":21},"end":{"line":27,"column":94}},"4":{"start":{"line":28,"column":69},"end":{"line":28,"column":77}},"5":{"start":{"line":30,"column":4},"end":{"line":64,"column":5}},"6":{"start":{"line":31,"column":22},"end":{"line":31,"column":59}},"7":{"start":{"line":32,"column":6},"end":{"line":60,"column":7}},"8":{"start":{"line":33,"column":8},"end":{"line":42,"column":9}},"9":{"start":{"line":34,"column":25},"end":{"line":34,"column":47}},"10":{"start":{"line":35,"column":23},"end":{"line":35,"column":176}},"11":{"start":{"line":36,"column":10},"end":{"line":36,"column":57}},"12":{"start":{"line":40,"column":10},"end":{"line":40,"column":21}},"13":{"start":{"line":44,"column":8},"end":{"line":44,"column":50}},"14":{"start":{"line":45,"column":8},"end":{"line":59,"column":9}},"15":{"start":{"line":46,"column":10},"end":{"line":46,"column":29}},"16":{"start":{"line":47,"column":10},"end":{"line":55,"column":11}},"17":{"start":{"line":48,"column":27},"end":{"line":48,"column":49}},"18":{"start":{"line":49,"column":24},"end":{"line":49,"column":158}},"19":{"start":{"line":50,"column":12},"end":{"line":50,"column":58}},"20":{"start":{"line":53,"column":12},"end":{"line":53,"column":23}},"21":{"start":{"line":57,"column":10},"end":{"line":57,"column":20}},"22":{"start":{"line":62,"column":6},"end":{"line":62,"column":16}},"23":{"start":{"line":68,"column":17},"end":{"line":68,"column":28}},"24":{"start":{"line":70,"column":4},"end":{"line":76,"column":8}},"25":{"start":{"line":72,"column":8},"end":{"line":72,"column":35}},"26":{"start":{"line":75,"column":8},"end":{"line":75,"column":35}},"27":{"start":{"line":80,"column":17},"end":{"line":80,"column":71}},"28":{"start":{"line":82,"column":4},"end":{"line":82,"column":45}},"29":{"start":{"line":85,"column":17},"end":{"line":85,"column":77}},"30":{"start":{"line":86,"column":4},"end":{"line":89,"column":5}},"31":{"start":{"line":87,"column":6},"end":{"line":87,"column":23}},"32":{"start":{"line":88,"column":6},"end":{"line":88,"column":47}},"33":{"start":{"line":90,"column":4},"end":{"line":90,"column":15}},"34":{"start":{"line":94,"column":21},"end":{"line":94,"column":55}},"35":{"start":{"line":96,"column":4},"end":{"line":96,"column":53}},"36":{"start":{"line":100,"column":61},"end":{"line":100,"column":69}},"37":{"start":{"line":102,"column":17},"end":{"line":102,"column":37}},"38":{"start":{"line":103,"column":30},"end":{"line":103,"column":61}},"39":{"start":{"line":105,"column":20},"end":{"line":112,"column":6}},"40":{"start":{"line":116,"column":4},"end":{"line":116,"column":25}},"41":{"start":{"line":117,"column":4},"end":{"line":117,"column":73}}},"fnMap":{"0":{"name":"(anonymous_0)","decl":{"start":{"line":25,"column":2},"end":{"line":25,"column":3}},"loc":{"start":{"line":25,"column":27},"end":{"line":65,"column":3}},"line":25},"1":{"name":"(anonymous_1)","decl":{"start":{"line":67,"column":2},"end":{"line":67,"column":3}},"loc":{"start":{"line":67,"column":31},"end":{"line":77,"column":3}},"line":67},"2":{"name":"(anonymous_2)","decl":{"start":{"line":71,"column":12},"end":{"line":71,"column":13}},"loc":{"start":{"line":71,"column":21},"end":{"line":73,"column":7}},"line":71},"3":{"name":"(anonymous_3)","decl":{"start":{"line":74,"column":13},"end":{"line":74,"column":14}},"loc":{"start":{"line":74,"column":22},"end":{"line":76,"column":7}},"line":74},"4":{"name":"(anonymous_4)","decl":{"start":{"line":79,"column":2},"end":{"line":79,"column":3}},"loc":{"start":{"line":79,"column":27},"end":{"line":83,"column":3}},"line":79},"5":{"name":"(anonymous_5)","decl":{"start":{"line":84,"column":2},"end":{"line":84,"column":3}},"loc":{"start":{"line":84,"column":33},"end":{"line":91,"column":3}},"line":84},"6":{"name":"(anonymous_6)","decl":{"start":{"line":93,"column":2},"end":{"line":93,"column":3}},"loc":{"start":{"line":93,"column":29},"end":{"line":97,"column":3}},"line":93},"7":{"name":"(anonymous_7)","decl":{"start":{"line":99,"column":2},"end":{"line":99,"column":3}},"loc":{"start":{"line":99,"column":30},"end":{"line":113,"column":3}},"line":99},"8":{"name":"(anonymous_8)","decl":{"start":{"line":115,"column":2},"end":{"line":115,"column":3}},"loc":{"start":{"line":115,"column":25},"end":{"line":118,"column":3}},"line":115}},"branchMap":{"0":{"loc":{"start":{"line":30,"column":4},"end":{"line":64,"column":5}},"type":"if","locations":[{"start":{"line":30,"column":4},"end":{"line":64,"column":5}},{"start":{"line":30,"column":4},"end":{"line":64,"column":5}}],"line":30},"1":{"loc":{"start":{"line":32,"column":6},"end":{"line":60,"column":7}},"type":"if","locations":[{"start":{"line":32,"column":6},"end":{"line":60,"column":7}},{"start":{"line":32,"column":6},"end":{"line":60,"column":7}}],"line":32},"2":{"loc":{"start":{"line":45,"column":8},"end":{"line":59,"column":9}},"type":"if","locations":[{"start":{"line":45,"column":8},"end":{"line":59,"column":9}},{"start":{"line":45,"column":8},"end":{"line":59,"column":9}}],"line":45},"3":{"loc":{"start":{"line":86,"column":4},"end":{"line":89,"column":5}},"type":"if","locations":[{"start":{"line":86,"column":4},"end":{"line":89,"column":5}},{"start":{"line":86,"column":4},"end":{"line":89,"column":5}}],"line":86}},"s":{"0":2,"1":2,"2":2,"3":4,"4":4,"5":4,"6":3,"7":3,"8":2,"9":2,"10":2,"11":2,"12":0,"13":1,"14":1,"15":0,"16":0,"17":0,"18":0,"19":0,"20":0,"21":1,"22":1,"23":0,"24":0,"25":0,"26":0,"27":0,"28":0,"29":0,"30":0,"31":0,"32":0,"33":0,"34":0,"35":0,"36":0,"37":0,"38":0,"39":0,"40":0,"41":0},"f":{"0":4,"1":0,"2":0,"3":0,"4":0,"5":0,"6":0,"7":0,"8":0},"b":{"0":[3,1],"1":[2,1],"2":[0,1],"3":[0,0]},"_coverageSchema":"1a1c01bbd47fc00a2c39e90264f33305004495a9","hash":"8fab2c95a118a744066958206843c233bc1395c8","contentHash":"d21ecbd9d84b02dd856e683b6bee7205ef4c9ec15bea119b30b53806ca5fe004"},"C:\\Users\\muril\\OneDrive\\Documentos\\LDSO\\t3g3\\back-end\\controllers\\inviteController.js":{"path":"C:\\Users\\muril\\OneDrive\\Documentos\\LDSO\\t3g3\\back-end\\controllers\\inviteController.js","statementMap":{"0":{"start":{"line":1,"column":18},"end":{"line":1,"column":59}},"1":{"start":{"line":2,"column":26},"end":{"line":2,"column":71}},"2":{"start":{"line":3,"column":21},"end":{"line":3,"column":60}},"3":{"start":{"line":4,"column":22},"end":{"line":4,"column":42}},"4":{"start":{"line":12,"column":0},"end":{"line":30,"column":1}},"5":{"start":{"line":13,"column":2},"end":{"line":29,"column":3}},"6":{"start":{"line":14,"column":19},"end":{"line":14,"column":58}},"7":{"start":{"line":15,"column":4},"end":{"line":25,"column":5}},"8":{"start":{"line":16,"column":26},"end":{"line":16,"column":92}},"9":{"start":{"line":18,"column":6},"end":{"line":22,"column":7}},"10":{"start":{"line":19,"column":8},"end":{"line":19,"column":70}},"11":{"start":{"line":21,"column":8},"end":{"line":21,"column":90}},"12":{"start":{"line":24,"column":6},"end":{"line":24,"column":71}},"13":{"start":{"line":27,"column":4},"end":{"line":27,"column":18}},"14":{"start":{"line":28,"column":4},"end":{"line":28,"column":30}},"15":{"start":{"line":39,"column":0},"end":{"line":60,"column":1}},"16":{"start":{"line":41,"column":2},"end":{"line":59,"column":3}},"17":{"start":{"line":44,"column":19},"end":{"line":44,"column":55}},"18":{"start":{"line":45,"column":4},"end":{"line":55,"column":5}},"19":{"start":{"line":46,"column":26},"end":{"line":46,"column":77}},"20":{"start":{"line":48,"column":6},"end":{"line":52,"column":7}},"21":{"start":{"line":49,"column":8},"end":{"line":49,"column":70}},"22":{"start":{"line":51,"column":8},"end":{"line":51,"column":90}},"23":{"start":{"line":54,"column":6},"end":{"line":54,"column":84}},"24":{"start":{"line":57,"column":4},"end":{"line":57,"column":18}},"25":{"start":{"line":58,"column":4},"end":{"line":58,"column":26}}},"fnMap":{"0":{"name":"(anonymous_0)","decl":{"start":{"line":12,"column":24},"end":{"line":12,"column":25}},"loc":{"start":{"line":12,"column":50},"end":{"line":30,"column":1}},"line":12},"1":{"name":"(anonymous_1)","decl":{"start":{"line":39,"column":21},"end":{"line":39,"column":22}},"loc":{"start":{"line":39,"column":47},"end":{"line":60,"column":1}},"line":39}},"branchMap":{"0":{"loc":{"start":{"line":15,"column":4},"end":{"line":25,"column":5}},"type":"if","locations":[{"start":{"line":15,"column":4},"end":{"line":25,"column":5}},{"start":{"line":15,"column":4},"end":{"line":25,"column":5}}],"line":15},"1":{"loc":{"start":{"line":18,"column":6},"end":{"line":22,"column":7}},"type":"if","locations":[{"start":{"line":18,"column":6},"end":{"line":22,"column":7}},{"start":{"line":18,"column":6},"end":{"line":22,"column":7}}],"line":18},"2":{"loc":{"start":{"line":45,"column":4},"end":{"line":55,"column":5}},"type":"if","locations":[{"start":{"line":45,"column":4},"end":{"line":55,"column":5}},{"start":{"line":45,"column":4},"end":{"line":55,"column":5}}],"line":45},"3":{"loc":{"start":{"line":48,"column":6},"end":{"line":52,"column":7}},"type":"if","locations":[{"start":{"line":48,"column":6},"end":{"line":52,"column":7}},{"start":{"line":48,"column":6},"end":{"line":52,"column":7}}],"line":48}},"s":{"0":1,"1":1,"2":1,"3":1,"4":1,"5":0,"6":0,"7":0,"8":0,"9":0,"10":0,"11":0,"12":0,"13":0,"14":0,"15":1,"16":0,"17":0,"18":0,"19":0,"20":0,"21":0,"22":0,"23":0,"24":0,"25":0},"f":{"0":0,"1":0},"b":{"0":[0,0],"1":[0,0],"2":[0,0],"3":[0,0]},"_coverageSchema":"1a1c01bbd47fc00a2c39e90264f33305004495a9","hash":"ff8c0b7eef3e6597fd57b2d85f8b1a3430a1e32f","contentHash":"1132ae565601f95e886605dcf14df1dabe55c01aea2908355b0638ad23b3e885"},"C:\\Users\\muril\\OneDrive\\Documentos\\LDSO\\t3g3\\back-end\\repository\\inviteRepository.js":{"path":"C:\\Users\\muril\\OneDrive\\Documentos\\LDSO\\t3g3\\back-end\\repository\\inviteRepository.js","statementMap":{"0":{"start":{"line":2,"column":21},"end":{"line":2,"column":43}},"1":{"start":{"line":3,"column":15},"end":{"line":3,"column":35}},"2":{"start":{"line":4,"column":16},"end":{"line":4,"column":43}},"3":{"start":{"line":6,"column":0},"end":{"line":67,"column":1}},"4":{"start":{"line":13,"column":20},"end":{"line":13,"column":67}},"5":{"start":{"line":15,"column":4},"end":{"line":29,"column":5}},"6":{"start":{"line":16,"column":6},"end":{"line":24,"column":7}},"7":{"start":{"line":17,"column":23},"end":{"line":17,"column":151}},"8":{"start":{"line":19,"column":8},"end":{"line":19,"column":53}},"9":{"start":{"line":21,"column":8},"end":{"line":21,"column":26}},"10":{"start":{"line":22,"column":8},"end":{"line":22,"column":19}},"11":{"start":{"line":23,"column":8},"end":{"line":23,"column":35}},"12":{"start":{"line":26,"column":6},"end":{"line":26,"column":25}},"13":{"start":{"line":27,"column":6},"end":{"line":27,"column":17}},"14":{"start":{"line":28,"column":6},"end":{"line":28,"column":67}},"15":{"start":{"line":39,"column":4},"end":{"line":65,"column":5}},"16":{"start":{"line":40,"column":21},"end":{"line":40,"column":76}},"17":{"start":{"line":41,"column":26},"end":{"line":41,"column":83}},"18":{"start":{"line":43,"column":6},"end":{"line":62,"column":7}},"19":{"start":{"line":44,"column":8},"end":{"line":57,"column":9}},"20":{"start":{"line":45,"column":10},"end":{"line":52,"column":11}},"21":{"start":{"line":46,"column":27},"end":{"line":46,"column":177}},"22":{"start":{"line":47,"column":12},"end":{"line":47,"column":31}},"23":{"start":{"line":48,"column":12},"end":{"line":48,"column":57}},"24":{"start":{"line":50,"column":12},"end":{"line":50,"column":30}},"25":{"start":{"line":51,"column":12},"end":{"line":51,"column":23}},"26":{"start":{"line":54,"column":10},"end":{"line":54,"column":27}},"27":{"start":{"line":56,"column":10},"end":{"line":56,"column":21}},"28":{"start":{"line":59,"column":8},"end":{"line":59,"column":25}},"29":{"start":{"line":61,"column":8},"end":{"line":61,"column":19}},"30":{"start":{"line":64,"column":6},"end":{"line":64,"column":33}}},"fnMap":{"0":{"name":"(anonymous_0)","decl":{"start":{"line":12,"column":2},"end":{"line":12,"column":3}},"loc":{"start":{"line":12,"column":33},"end":{"line":30,"column":3}},"line":12},"1":{"name":"(anonymous_1)","decl":{"start":{"line":38,"column":2},"end":{"line":38,"column":3}},"loc":{"start":{"line":38,"column":30},"end":{"line":66,"column":3}},"line":38}},"branchMap":{"0":{"loc":{"start":{"line":15,"column":4},"end":{"line":29,"column":5}},"type":"if","locations":[{"start":{"line":15,"column":4},"end":{"line":29,"column":5}},{"start":{"line":15,"column":4},"end":{"line":29,"column":5}}],"line":15},"1":{"loc":{"start":{"line":43,"column":6},"end":{"line":62,"column":7}},"type":"if","locations":[{"start":{"line":43,"column":6},"end":{"line":62,"column":7}},{"start":{"line":43,"column":6},"end":{"line":62,"column":7}}],"line":43},"2":{"loc":{"start":{"line":44,"column":8},"end":{"line":57,"column":9}},"type":"if","locations":[{"start":{"line":44,"column":8},"end":{"line":57,"column":9}},{"start":{"line":44,"column":8},"end":{"line":57,"column":9}}],"line":44}},"s":{"0":1,"1":1,"2":1,"3":1,"4":0,"5":0,"6":0,"7":0,"8":0,"9":0,"10":0,"11":0,"12":0,"13":0,"14":0,"15":0,"16":0,"17":0,"18":0,"19":0,"20":0,"21":0,"22":0,"23":0,"24":0,"25":0,"26":0,"27":0,"28":0,"29":0,"30":0},"f":{"0":0,"1":0},"b":{"0":[0,0],"1":[0,0],"2":[0,0]},"_coverageSchema":"1a1c01bbd47fc00a2c39e90264f33305004495a9","hash":"a674c3b408822d6a0dcd3a1308ae7f753a4dbed8","contentHash":"c43f94344e0fe0816ebdb4b01a3e1b5a3681b9e1415c984f98604ca55370c693"},"C:\\Users\\muril\\OneDrive\\Documentos\\LDSO\\t3g3\\back-end\\emailService\\emailService.js":{"path":"C:\\Users\\muril\\OneDrive\\Documentos\\LDSO\\t3g3\\back-end\\emailService\\emailService.js","statementMap":{"0":{"start":{"line":1,"column":19},"end":{"line":1,"column":40}},"1":{"start":{"line":3,"column":18},"end":{"line":10,"column":2}},"2":{"start":{"line":12,"column":20},"end":{"line":15,"column":1}},"3":{"start":{"line":17,"column":0},"end":{"line":34,"column":1}},"4":{"start":{"line":18,"column":2},"end":{"line":18,"column":192}},"5":{"start":{"line":19,"column":2},"end":{"line":19,"column":33}},"6":{"start":{"line":22,"column":2},"end":{"line":22,"column":77}},"7":{"start":{"line":24,"column":2},"end":{"line":31,"column":4}},"8":{"start":{"line":25,"column":4},"end":{"line":28,"column":5}},"9":{"start":{"line":26,"column":6},"end":{"line":26,"column":16}},"10":{"start":{"line":27,"column":6},"end":{"line":27,"column":85}},"11":{"start":{"line":30,"column":4},"end":{"line":30,"column":47}},"12":{"start":{"line":32,"column":2},"end":{"line":32,"column":12}},"13":{"start":{"line":33,"column":2},"end":{"line":33,"column":61}},"14":{"start":{"line":36,"column":0},"end":{"line":53,"column":1}},"15":{"start":{"line":37,"column":2},"end":{"line":37,"column":132}},"16":{"start":{"line":38,"column":2},"end":{"line":38,"column":33}},"17":{"start":{"line":41,"column":2},"end":{"line":41,"column":77}},"18":{"start":{"line":43,"column":2},"end":{"line":51,"column":4}},"19":{"start":{"line":44,"column":4},"end":{"line":47,"column":5}},"20":{"start":{"line":46,"column":6},"end":{"line":46,"column":16}},"21":{"start":{"line":48,"column":4},"end":{"line":48,"column":47}},"22":{"start":{"line":52,"column":2},"end":{"line":52,"column":12}}},"fnMap":{"0":{"name":"(anonymous_0)","decl":{"start":{"line":17,"column":28},"end":{"line":17,"column":29}},"loc":{"start":{"line":17,"column":51},"end":{"line":34,"column":1}},"line":17},"1":{"name":"(anonymous_1)","decl":{"start":{"line":24,"column":34},"end":{"line":24,"column":35}},"loc":{"start":{"line":24,"column":51},"end":{"line":31,"column":3}},"line":24},"2":{"name":"(anonymous_2)","decl":{"start":{"line":36,"column":27},"end":{"line":36,"column":28}},"loc":{"start":{"line":36,"column":56},"end":{"line":53,"column":1}},"line":36},"3":{"name":"(anonymous_3)","decl":{"start":{"line":43,"column":34},"end":{"line":43,"column":35}},"loc":{"start":{"line":43,"column":51},"end":{"line":51,"column":3}},"line":43}},"branchMap":{"0":{"loc":{"start":{"line":25,"column":4},"end":{"line":28,"column":5}},"type":"if","locations":[{"start":{"line":25,"column":4},"end":{"line":28,"column":5}},{"start":{"line":25,"column":4},"end":{"line":28,"column":5}}],"line":25},"1":{"loc":{"start":{"line":44,"column":4},"end":{"line":47,"column":5}},"type":"if","locations":[{"start":{"line":44,"column":4},"end":{"line":47,"column":5}},{"start":{"line":44,"column":4},"end":{"line":47,"column":5}}],"line":44}},"s":{"0":1,"1":1,"2":1,"3":1,"4":0,"5":0,"6":0,"7":0,"8":0,"9":0,"10":0,"11":0,"12":0,"13":0,"14":1,"15":0,"16":0,"17":0,"18":0,"19":0,"20":0,"21":0,"22":0},"f":{"0":0,"1":0,"2":0,"3":0},"b":{"0":[0,0],"1":[0,0]},"_coverageSchema":"1a1c01bbd47fc00a2c39e90264f33305004495a9","hash":"ecec5d5ccdf779c2938004ecaca9c02d1cd6111f","contentHash":"534a2ced1cfc35ef97e544ef7820099e6cd77ad8c7e5182e36b87de7b6303a2c"},"C:\\Users\\muril\\OneDrive\\Documentos\\LDSO\\t3g3\\back-end\\routes\\stockRoutes.js":{"path":"C:\\Users\\muril\\OneDrive\\Documentos\\LDSO\\t3g3\\back-end\\routes\\stockRoutes.js","statementMap":{"0":{"start":{"line":1,"column":16},"end":{"line":1,"column":34}},"1":{"start":{"line":2,"column":15},"end":{"line":2,"column":31}},"2":{"start":{"line":4,"column":24},"end":{"line":4,"column":65}},"3":{"start":{"line":6,"column":0},"end":{"line":6,"column":45}},"4":{"start":{"line":7,"column":0},"end":{"line":7,"column":42}},"5":{"start":{"line":9,"column":0},"end":{"line":9,"column":23}}},"fnMap":{},"branchMap":{},"s":{"0":1,"1":1,"2":1,"3":1,"4":1,"5":1},"f":{},"b":{},"_coverageSchema":"1a1c01bbd47fc00a2c39e90264f33305004495a9","hash":"cbf7e3217e1e139682df9a0709b3a919b00e04e2","contentHash":"ce4b35a445fb172ec54cee4faf880ef8381ad6176f8eac70039e8627cb2e24ea"},"C:\\Users\\muril\\OneDrive\\Documentos\\LDSO\\t3g3\\back-end\\controllers\\stockController.js":{"path":"C:\\Users\\muril\\OneDrive\\Documentos\\LDSO\\t3g3\\back-end\\controllers\\stockController.js","statementMap":{"0":{"start":{"line":1,"column":24},"end":{"line":1,"column":64}},"1":{"start":{"line":3,"column":0},"end":{"line":11,"column":1}},"2":{"start":{"line":4,"column":2},"end":{"line":10,"column":3}},"3":{"start":{"line":5,"column":20},"end":{"line":5,"column":57}},"4":{"start":{"line":6,"column":4},"end":{"line":6,"column":21}},"5":{"start":{"line":8,"column":4},"end":{"line":8,"column":18}},"6":{"start":{"line":9,"column":4},"end":{"line":9,"column":23}},"7":{"start":{"line":13,"column":0},"end":{"line":22,"column":1}},"8":{"start":{"line":14,"column":2},"end":{"line":21,"column":3}},"9":{"start":{"line":15,"column":4},"end":{"line":15,"column":25}},"10":{"start":{"line":16,"column":20},"end":{"line":16,"column":60}},"11":{"start":{"line":17,"column":4},"end":{"line":17,"column":21}},"12":{"start":{"line":19,"column":4},"end":{"line":19,"column":18}},"13":{"start":{"line":20,"column":4},"end":{"line":20,"column":23}}},"fnMap":{"0":{"name":"(anonymous_0)","decl":{"start":{"line":3,"column":23},"end":{"line":3,"column":24}},"loc":{"start":{"line":3,"column":55},"end":{"line":11,"column":1}},"line":3},"1":{"name":"(anonymous_1)","decl":{"start":{"line":13,"column":19},"end":{"line":13,"column":20}},"loc":{"start":{"line":13,"column":45},"end":{"line":22,"column":1}},"line":13}},"branchMap":{},"s":{"0":1,"1":1,"2":0,"3":0,"4":0,"5":0,"6":0,"7":1,"8":0,"9":0,"10":0,"11":0,"12":0,"13":0},"f":{"0":0,"1":0},"b":{},"_coverageSchema":"1a1c01bbd47fc00a2c39e90264f33305004495a9","hash":"90aba7ae85aab20c5e23862ef225b31c45500712","contentHash":"c1925248f057395551da8d3b05d961ccb7c5e17d09ac6ed381f8573ce4b5204b"},"C:\\Users\\muril\\OneDrive\\Documentos\\LDSO\\t3g3\\back-end\\repository\\stockRepository.js":{"path":"C:\\Users\\muril\\OneDrive\\Documentos\\LDSO\\t3g3\\back-end\\repository\\stockRepository.js","statementMap":{"0":{"start":{"line":1,"column":21},"end":{"line":1,"column":43}},"1":{"start":{"line":2,"column":15},"end":{"line":2,"column":35}},"2":{"start":{"line":4,"column":0},"end":{"line":41,"column":1}},"3":{"start":{"line":6,"column":18},"end":{"line":6,"column":30}},"4":{"start":{"line":7,"column":4},"end":{"line":12,"column":8}},"5":{"start":{"line":8,"column":6},"end":{"line":8,"column":33}},"6":{"start":{"line":11,"column":8},"end":{"line":11,"column":35}},"7":{"start":{"line":15,"column":20},"end":{"line":15,"column":70}},"8":{"start":{"line":16,"column":17},"end":{"line":16,"column":63}},"9":{"start":{"line":20,"column":8},"end":{"line":20,"column":16}},"10":{"start":{"line":22,"column":4},"end":{"line":39,"column":5}},"11":{"start":{"line":23,"column":6},"end":{"line":36,"column":7}},"12":{"start":{"line":24,"column":8},"end":{"line":24,"column":27}},"13":{"start":{"line":25,"column":27},"end":{"line":25,"column":48}},"14":{"start":{"line":26,"column":26},"end":{"line":26,"column":44}},"15":{"start":{"line":27,"column":22},"end":{"line":32,"column":10}},"16":{"start":{"line":33,"column":8},"end":{"line":33,"column":35}},"17":{"start":{"line":35,"column":8},"end":{"line":35,"column":35}},"18":{"start":{"line":38,"column":6},"end":{"line":38,"column":59}}},"fnMap":{"0":{"name":"(anonymous_0)","decl":{"start":{"line":5,"column":2},"end":{"line":5,"column":3}},"loc":{"start":{"line":5,"column":25},"end":{"line":13,"column":3}},"line":5},"1":{"name":"(anonymous_1)","decl":{"start":{"line":7,"column":31},"end":{"line":7,"column":32}},"loc":{"start":{"line":7,"column":40},"end":{"line":9,"column":5}},"line":7},"2":{"name":"(anonymous_2)","decl":{"start":{"line":10,"column":13},"end":{"line":10,"column":14}},"loc":{"start":{"line":10,"column":22},"end":{"line":12,"column":7}},"line":10},"3":{"name":"(anonymous_3)","decl":{"start":{"line":14,"column":2},"end":{"line":14,"column":3}},"loc":{"start":{"line":14,"column":28},"end":{"line":40,"column":3}},"line":14}},"branchMap":{"0":{"loc":{"start":{"line":22,"column":4},"end":{"line":39,"column":5}},"type":"if","locations":[{"start":{"line":22,"column":4},"end":{"line":39,"column":5}},{"start":{"line":22,"column":4},"end":{"line":39,"column":5}}],"line":22},"1":{"loc":{"start":{"line":22,"column":8},"end":{"line":22,"column":23}},"type":"binary-expr","locations":[{"start":{"line":22,"column":8},"end":{"line":22,"column":15}},{"start":{"line":22,"column":19},"end":{"line":22,"column":23}}],"line":22}},"s":{"0":1,"1":1,"2":1,"3":0,"4":0,"5":0,"6":0,"7":0,"8":0,"9":0,"10":0,"11":0,"12":0,"13":0,"14":0,"15":0,"16":0,"17":0,"18":0},"f":{"0":0,"1":0,"2":0,"3":0},"b":{"0":[0,0],"1":[0,0]},"_coverageSchema":"1a1c01bbd47fc00a2c39e90264f33305004495a9","hash":"7688648c5fbd7daa5c48e92ebdbacdb44868db98","contentHash":"b0bdf4b547162c60e03365d0f0ec4c45da01b766ea2b851119e05788e28c8ea4"},"C:\\Users\\muril\\OneDrive\\Documentos\\LDSO\\t3g3\\back-end\\routes\\stockValueRoutes.js":{"path":"C:\\Users\\muril\\OneDrive\\Documentos\\LDSO\\t3g3\\back-end\\routes\\stockValueRoutes.js","statementMap":{"0":{"start":{"line":1,"column":16},"end":{"line":1,"column":34}},"1":{"start":{"line":2,"column":15},"end":{"line":2,"column":31}},"2":{"start":{"line":4,"column":29},"end":{"line":4,"column":75}},"3":{"start":{"line":6,"column":0},"end":{"line":6,"column":59}},"4":{"start":{"line":7,"column":0},"end":{"line":7,"column":52}},"5":{"start":{"line":9,"column":0},"end":{"line":9,"column":23}}},"fnMap":{},"branchMap":{},"s":{"0":1,"1":1,"2":1,"3":1,"4":1,"5":1},"f":{},"b":{},"_coverageSchema":"1a1c01bbd47fc00a2c39e90264f33305004495a9","hash":"a6907800ee42ca46ecc3bf72c9a1a06d85ad239c","contentHash":"3b32f9c8e73244b8b1a8ab25e2c3a6d296eaac209640bd78f2c8eb85f51494e9"},"C:\\Users\\muril\\OneDrive\\Documentos\\LDSO\\t3g3\\back-end\\controllers\\stockValueController.js":{"path":"C:\\Users\\muril\\OneDrive\\Documentos\\LDSO\\t3g3\\back-end\\controllers\\stockValueController.js","statementMap":{"0":{"start":{"line":1,"column":29},"end":{"line":1,"column":74}},"1":{"start":{"line":3,"column":0},"end":{"line":11,"column":1}},"2":{"start":{"line":4,"column":2},"end":{"line":10,"column":3}},"3":{"start":{"line":5,"column":20},"end":{"line":5,"column":62}},"4":{"start":{"line":6,"column":4},"end":{"line":6,"column":21}},"5":{"start":{"line":8,"column":4},"end":{"line":8,"column":18}},"6":{"start":{"line":9,"column":4},"end":{"line":9,"column":23}},"7":{"start":{"line":13,"column":0},"end":{"line":22,"column":1}},"8":{"start":{"line":14,"column":2},"end":{"line":21,"column":3}},"9":{"start":{"line":15,"column":4},"end":{"line":15,"column":25}},"10":{"start":{"line":16,"column":20},"end":{"line":16,"column":70}},"11":{"start":{"line":17,"column":4},"end":{"line":17,"column":21}},"12":{"start":{"line":19,"column":4},"end":{"line":19,"column":18}},"13":{"start":{"line":20,"column":4},"end":{"line":20,"column":23}}},"fnMap":{"0":{"name":"(anonymous_0)","decl":{"start":{"line":3,"column":29},"end":{"line":3,"column":30}},"loc":{"start":{"line":3,"column":61},"end":{"line":11,"column":1}},"line":3},"1":{"name":"(anonymous_1)","decl":{"start":{"line":13,"column":24},"end":{"line":13,"column":25}},"loc":{"start":{"line":13,"column":50},"end":{"line":22,"column":1}},"line":13}},"branchMap":{},"s":{"0":1,"1":1,"2":0,"3":0,"4":0,"5":0,"6":0,"7":1,"8":0,"9":0,"10":0,"11":0,"12":0,"13":0},"f":{"0":0,"1":0},"b":{},"_coverageSchema":"1a1c01bbd47fc00a2c39e90264f33305004495a9","hash":"01fab16c1a0defa35f1c2a185c3fa719d57eab4d","contentHash":"6e65b6670f65d01ccc53db5ae34a082a4c3692b94fa4af34f962f949318c1b40"},"C:\\Users\\muril\\OneDrive\\Documentos\\LDSO\\t3g3\\back-end\\repository\\stockValueRepository.js":{"path":"C:\\Users\\muril\\OneDrive\\Documentos\\LDSO\\t3g3\\back-end\\repository\\stockValueRepository.js","statementMap":{"0":{"start":{"line":1,"column":26},"end":{"line":1,"column":75}},"1":{"start":{"line":2,"column":21},"end":{"line":2,"column":43}},"2":{"start":{"line":3,"column":15},"end":{"line":3,"column":35}},"3":{"start":{"line":5,"column":0},"end":{"line":39,"column":1}},"4":{"start":{"line":7,"column":23},"end":{"line":7,"column":40}},"5":{"start":{"line":8,"column":4},"end":{"line":13,"column":8}},"6":{"start":{"line":9,"column":6},"end":{"line":9,"column":38}},"7":{"start":{"line":12,"column":8},"end":{"line":12,"column":35}},"8":{"start":{"line":16,"column":18},"end":{"line":16,"column":66}},"9":{"start":{"line":20,"column":8},"end":{"line":20,"column":16}},"10":{"start":{"line":22,"column":4},"end":{"line":37,"column":5}},"11":{"start":{"line":23,"column":6},"end":{"line":34,"column":7}},"12":{"start":{"line":24,"column":8},"end":{"line":24,"column":27}},"13":{"start":{"line":25,"column":25},"end":{"line":25,"column":44}},"14":{"start":{"line":26,"column":28},"end":{"line":30,"column":10}},"15":{"start":{"line":31,"column":8},"end":{"line":31,"column":41}},"16":{"start":{"line":33,"column":8},"end":{"line":33,"column":35}},"17":{"start":{"line":36,"column":6},"end":{"line":36,"column":49}}},"fnMap":{"0":{"name":"(anonymous_0)","decl":{"start":{"line":6,"column":2},"end":{"line":6,"column":3}},"loc":{"start":{"line":6,"column":25},"end":{"line":14,"column":3}},"line":6},"1":{"name":"(anonymous_1)","decl":{"start":{"line":8,"column":36},"end":{"line":8,"column":37}},"loc":{"start":{"line":8,"column":50},"end":{"line":10,"column":5}},"line":8},"2":{"name":"(anonymous_2)","decl":{"start":{"line":11,"column":13},"end":{"line":11,"column":14}},"loc":{"start":{"line":11,"column":22},"end":{"line":13,"column":7}},"line":11},"3":{"name":"(anonymous_3)","decl":{"start":{"line":15,"column":2},"end":{"line":15,"column":3}},"loc":{"start":{"line":15,"column":33},"end":{"line":38,"column":3}},"line":15}},"branchMap":{"0":{"loc":{"start":{"line":22,"column":4},"end":{"line":37,"column":5}},"type":"if","locations":[{"start":{"line":22,"column":4},"end":{"line":37,"column":5}},{"start":{"line":22,"column":4},"end":{"line":37,"column":5}}],"line":22}},"s":{"0":1,"1":1,"2":1,"3":1,"4":0,"5":0,"6":0,"7":0,"8":0,"9":0,"10":0,"11":0,"12":0,"13":0,"14":0,"15":0,"16":0,"17":0},"f":{"0":0,"1":0,"2":0,"3":0},"b":{"0":[0,0]},"_coverageSchema":"1a1c01bbd47fc00a2c39e90264f33305004495a9","hash":"1edbb23c311ef34717f3fd2eb8f13c037e0e6ce5","contentHash":"ac8a032b9f86d271e78166af40d98e1ea2008741a94719119651491381d286da"},"C:\\Users\\muril\\OneDrive\\Documentos\\LDSO\\t3g3\\back-end\\routes\\stockExchangeRoutes.js":{"path":"C:\\Users\\muril\\OneDrive\\Documentos\\LDSO\\t3g3\\back-end\\routes\\stockExchangeRoutes.js","statementMap":{"0":{"start":{"line":1,"column":16},"end":{"line":1,"column":34}},"1":{"start":{"line":2,"column":15},"end":{"line":2,"column":31}},"2":{"start":{"line":4,"column":32},"end":{"line":4,"column":81}},"3":{"start":{"line":6,"column":0},"end":{"line":6,"column":64}},"4":{"start":{"line":7,"column":0},"end":{"line":7,"column":58}},"5":{"start":{"line":9,"column":0},"end":{"line":9,"column":23}}},"fnMap":{},"branchMap":{},"s":{"0":1,"1":1,"2":1,"3":1,"4":1,"5":1},"f":{},"b":{},"_coverageSchema":"1a1c01bbd47fc00a2c39e90264f33305004495a9","hash":"b92101a212145acb76e32f34cbee5201700eec44","contentHash":"f8b8a57ac12d033a4b11eb77c694cbc3eb8b449ad30f905b730f4c8f3729244f"},"C:\\Users\\muril\\OneDrive\\Documentos\\LDSO\\t3g3\\back-end\\controllers\\stockExchangeController.js":{"path":"C:\\Users\\muril\\OneDrive\\Documentos\\LDSO\\t3g3\\back-end\\controllers\\stockExchangeController.js","statementMap":{"0":{"start":{"line":1,"column":32},"end":{"line":1,"column":80}},"1":{"start":{"line":3,"column":0},"end":{"line":11,"column":1}},"2":{"start":{"line":4,"column":2},"end":{"line":10,"column":3}},"3":{"start":{"line":5,"column":20},"end":{"line":5,"column":65}},"4":{"start":{"line":6,"column":4},"end":{"line":6,"column":21}},"5":{"start":{"line":8,"column":4},"end":{"line":8,"column":18}},"6":{"start":{"line":9,"column":4},"end":{"line":9,"column":23}},"7":{"start":{"line":13,"column":0},"end":{"line":22,"column":1}},"8":{"start":{"line":14,"column":2},"end":{"line":21,"column":3}},"9":{"start":{"line":15,"column":4},"end":{"line":15,"column":25}},"10":{"start":{"line":16,"column":20},"end":{"line":16,"column":76}},"11":{"start":{"line":17,"column":4},"end":{"line":17,"column":21}},"12":{"start":{"line":19,"column":4},"end":{"line":19,"column":18}},"13":{"start":{"line":20,"column":4},"end":{"line":20,"column":23}}},"fnMap":{"0":{"name":"(anonymous_0)","decl":{"start":{"line":3,"column":31},"end":{"line":3,"column":32}},"loc":{"start":{"line":3,"column":63},"end":{"line":11,"column":1}},"line":3},"1":{"name":"(anonymous_1)","decl":{"start":{"line":13,"column":27},"end":{"line":13,"column":28}},"loc":{"start":{"line":13,"column":53},"end":{"line":22,"column":1}},"line":13}},"branchMap":{},"s":{"0":1,"1":1,"2":0,"3":0,"4":0,"5":0,"6":0,"7":1,"8":0,"9":0,"10":0,"11":0,"12":0,"13":0},"f":{"0":0,"1":0},"b":{},"_coverageSchema":"1a1c01bbd47fc00a2c39e90264f33305004495a9","hash":"75f1757348ee615f21c1388e748d407af0f00995","contentHash":"40538e9f417d4ad2538b4725c4af74ef5013ec37a4e82ecbdf25233ca52830c9"},"C:\\Users\\muril\\OneDrive\\Documentos\\LDSO\\t3g3\\back-end\\repository\\stockExchangeRepository.js":{"path":"C:\\Users\\muril\\OneDrive\\Documentos\\LDSO\\t3g3\\back-end\\repository\\stockExchangeRepository.js","statementMap":{"0":{"start":{"line":1,"column":29},"end":{"line":1,"column":81}},"1":{"start":{"line":2,"column":21},"end":{"line":2,"column":43}},"2":{"start":{"line":3,"column":15},"end":{"line":3,"column":35}},"3":{"start":{"line":5,"column":0},"end":{"line":50,"column":1}},"4":{"start":{"line":7,"column":26},"end":{"line":7,"column":46}},"5":{"start":{"line":8,"column":4},"end":{"line":13,"column":8}},"6":{"start":{"line":9,"column":6},"end":{"line":9,"column":41}},"7":{"start":{"line":12,"column":8},"end":{"line":12,"column":35}},"8":{"start":{"line":16,"column":20},"end":{"line":16,"column":70}},"9":{"start":{"line":17,"column":21},"end":{"line":22,"column":6}},"10":{"start":{"line":23,"column":22},"end":{"line":28,"column":6}},"11":{"start":{"line":29,"column":18},"end":{"line":29,"column":64}},"12":{"start":{"line":31,"column":4},"end":{"line":48,"column":5}},"13":{"start":{"line":32,"column":6},"end":{"line":45,"column":7}},"14":{"start":{"line":33,"column":8},"end":{"line":33,"column":27}},"15":{"start":{"line":34,"column":28},"end":{"line":34,"column":50}},"16":{"start":{"line":35,"column":29},"end":{"line":35,"column":52}},"17":{"start":{"line":36,"column":25},"end":{"line":36,"column":44}},"18":{"start":{"line":37,"column":30},"end":{"line":41,"column":10}},"19":{"start":{"line":42,"column":8},"end":{"line":42,"column":43}},"20":{"start":{"line":44,"column":8},"end":{"line":44,"column":35}},"21":{"start":{"line":47,"column":6},"end":{"line":47,"column":59}}},"fnMap":{"0":{"name":"(anonymous_0)","decl":{"start":{"line":6,"column":2},"end":{"line":6,"column":3}},"loc":{"start":{"line":6,"column":25},"end":{"line":14,"column":3}},"line":6},"1":{"name":"(anonymous_1)","decl":{"start":{"line":8,"column":39},"end":{"line":8,"column":40}},"loc":{"start":{"line":8,"column":56},"end":{"line":10,"column":5}},"line":8},"2":{"name":"(anonymous_2)","decl":{"start":{"line":11,"column":13},"end":{"line":11,"column":14}},"loc":{"start":{"line":11,"column":22},"end":{"line":13,"column":7}},"line":11},"3":{"name":"(anonymous_3)","decl":{"start":{"line":15,"column":2},"end":{"line":15,"column":3}},"loc":{"start":{"line":15,"column":36},"end":{"line":49,"column":3}},"line":15}},"branchMap":{"0":{"loc":{"start":{"line":31,"column":4},"end":{"line":48,"column":5}},"type":"if","locations":[{"start":{"line":31,"column":4},"end":{"line":48,"column":5}},{"start":{"line":31,"column":4},"end":{"line":48,"column":5}}],"line":31},"1":{"loc":{"start":{"line":31,"column":8},"end":{"line":31,"column":49}},"type":"binary-expr","locations":[{"start":{"line":31,"column":8},"end":{"line":31,"column":16}},{"start":{"line":31,"column":20},"end":{"line":31,"column":29}},{"start":{"line":31,"column":33},"end":{"line":31,"column":38}},{"start":{"line":31,"column":42},"end":{"line":31,"column":49}}],"line":31}},"s":{"0":1,"1":1,"2":1,"3":1,"4":0,"5":0,"6":0,"7":0,"8":0,"9":0,"10":0,"11":0,"12":0,"13":0,"14":0,"15":0,"16":0,"17":0,"18":0,"19":0,"20":0,"21":0},"f":{"0":0,"1":0,"2":0,"3":0},"b":{"0":[0,0],"1":[0,0,0,0]},"_coverageSchema":"1a1c01bbd47fc00a2c39e90264f33305004495a9","hash":"b2a62710d442e419ea05e918906f1f8b36d76f37","contentHash":"8008975d6a9428c34545d00de80e0c8d73f4fb2cde3013265f09f3e8a47379e0"},"C:\\Users\\muril\\OneDrive\\Documentos\\LDSO\\t3g3\\back-end\\routes\\tenantTypeRoutes.js":{"path":"C:\\Users\\muril\\OneDrive\\Documentos\\LDSO\\t3g3\\back-end\\routes\\tenantTypeRoutes.js","statementMap":{"0":{"start":{"line":1,"column":16},"end":{"line":1,"column":34}},"1":{"start":{"line":2,"column":15},"end":{"line":2,"column":31}},"2":{"start":{"line":4,"column":25},"end":{"line":4,"column":67}},"3":{"start":{"line":6,"column":0},"end":{"line":6,"column":51}},"4":{"start":{"line":8,"column":0},"end":{"line":8,"column":23}}},"fnMap":{},"branchMap":{},"s":{"0":1,"1":1,"2":1,"3":1,"4":1},"f":{},"b":{},"_coverageSchema":"1a1c01bbd47fc00a2c39e90264f33305004495a9","hash":"91072fee61d74ab8c4344ea59006da7b275cd482","contentHash":"b8e06d191aeb4c80c16479ed3166aad27d972baf7be5dfbb39021fce4a769dd2"},"C:\\Users\\muril\\OneDrive\\Documentos\\LDSO\\t3g3\\back-end\\controllers\\tenantController.js":{"path":"C:\\Users\\muril\\OneDrive\\Documentos\\LDSO\\t3g3\\back-end\\controllers\\tenantController.js","statementMap":{"0":{"start":{"line":1,"column":24},"end":{"line":1,"column":69}},"1":{"start":{"line":2,"column":25},"end":{"line":2,"column":66}},"2":{"start":{"line":4,"column":0},"end":{"line":12,"column":1}},"3":{"start":{"line":5,"column":2},"end":{"line":11,"column":3}},"4":{"start":{"line":6,"column":20},"end":{"line":6,"column":57}},"5":{"start":{"line":7,"column":4},"end":{"line":7,"column":21}},"6":{"start":{"line":9,"column":4},"end":{"line":9,"column":18}},"7":{"start":{"line":10,"column":4},"end":{"line":10,"column":23}},"8":{"start":{"line":14,"column":0},"end":{"line":22,"column":1}},"9":{"start":{"line":15,"column":2},"end":{"line":21,"column":3}},"10":{"start":{"line":16,"column":20},"end":{"line":16,"column":58}},"11":{"start":{"line":17,"column":4},"end":{"line":17,"column":14}},"12":{"start":{"line":19,"column":4},"end":{"line":19,"column":18}},"13":{"start":{"line":20,"column":4},"end":{"line":20,"column":23}},"14":{"start":{"line":24,"column":0},"end":{"line":33,"column":1}},"15":{"start":{"line":25,"column":2},"end":{"line":32,"column":3}},"16":{"start":{"line":27,"column":20},"end":{"line":27,"column":62}},"17":{"start":{"line":28,"column":4},"end":{"line":28,"column":21}},"18":{"start":{"line":30,"column":4},"end":{"line":30,"column":18}},"19":{"start":{"line":31,"column":4},"end":{"line":31,"column":23}}},"fnMap":{"0":{"name":"(anonymous_0)","decl":{"start":{"line":4,"column":28},"end":{"line":4,"column":29}},"loc":{"start":{"line":4,"column":60},"end":{"line":12,"column":1}},"line":4},"1":{"name":"(anonymous_1)","decl":{"start":{"line":14,"column":24},"end":{"line":14,"column":25}},"loc":{"start":{"line":14,"column":56},"end":{"line":22,"column":1}},"line":14},"2":{"name":"(anonymous_2)","decl":{"start":{"line":24,"column":20},"end":{"line":24,"column":21}},"loc":{"start":{"line":24,"column":46},"end":{"line":33,"column":1}},"line":24}},"branchMap":{},"s":{"0":1,"1":1,"2":1,"3":0,"4":0,"5":0,"6":0,"7":0,"8":1,"9":0,"10":0,"11":0,"12":0,"13":0,"14":1,"15":0,"16":0,"17":0,"18":0,"19":0},"f":{"0":0,"1":0,"2":0},"b":{},"_coverageSchema":"1a1c01bbd47fc00a2c39e90264f33305004495a9","hash":"e45de038464e78afa067bfcfbe3a01836f45af11","contentHash":"3cd62e97bb9399e49002a9966d53dc154075716c67c4c4e124ea354e135b0c52"},"C:\\Users\\muril\\OneDrive\\Documentos\\LDSO\\t3g3\\back-end\\repository\\tenantTypeRepository.js":{"path":"C:\\Users\\muril\\OneDrive\\Documentos\\LDSO\\t3g3\\back-end\\repository\\tenantTypeRepository.js","statementMap":{"0":{"start":{"line":1,"column":21},"end":{"line":1,"column":43}},"1":{"start":{"line":2,"column":15},"end":{"line":2,"column":35}},"2":{"start":{"line":4,"column":0},"end":{"line":21,"column":1}},"3":{"start":{"line":6,"column":4},"end":{"line":6,"column":22}},"4":{"start":{"line":7,"column":23},"end":{"line":7,"column":40}},"5":{"start":{"line":8,"column":4},"end":{"line":13,"column":8}},"6":{"start":{"line":9,"column":6},"end":{"line":9,"column":35}},"7":{"start":{"line":12,"column":8},"end":{"line":12,"column":35}},"8":{"start":{"line":16,"column":23},"end":{"line":16,"column":65}},"9":{"start":{"line":17,"column":4},"end":{"line":17,"column":27}},"10":{"start":{"line":18,"column":4},"end":{"line":18,"column":63}}},"fnMap":{"0":{"name":"(anonymous_0)","decl":{"start":{"line":5,"column":2},"end":{"line":5,"column":3}},"loc":{"start":{"line":5,"column":25},"end":{"line":14,"column":3}},"line":5},"1":{"name":"(anonymous_1)","decl":{"start":{"line":8,"column":36},"end":{"line":8,"column":37}},"loc":{"start":{"line":8,"column":47},"end":{"line":10,"column":5}},"line":8},"2":{"name":"(anonymous_2)","decl":{"start":{"line":11,"column":13},"end":{"line":11,"column":14}},"loc":{"start":{"line":11,"column":22},"end":{"line":13,"column":7}},"line":11},"3":{"name":"(anonymous_3)","decl":{"start":{"line":15,"column":2},"end":{"line":15,"column":3}},"loc":{"start":{"line":15,"column":37},"end":{"line":19,"column":3}},"line":15}},"branchMap":{},"s":{"0":1,"1":1,"2":1,"3":0,"4":0,"5":0,"6":0,"7":0,"8":0,"9":0,"10":0},"f":{"0":0,"1":0,"2":0,"3":0},"b":{},"_coverageSchema":"1a1c01bbd47fc00a2c39e90264f33305004495a9","hash":"56be7d5802865841c664700e9a1df1634cec62e8","contentHash":"9e895f51a8fb0a90d09758ade028cbdaea2a87d13d22d6fd0e4c5957aceeb955"},"C:\\Users\\muril\\OneDrive\\Documentos\\LDSO\\t3g3\\back-end\\repository\\tenantRepository.js":{"path":"C:\\Users\\muril\\OneDrive\\Documentos\\LDSO\\t3g3\\back-end\\repository\\tenantRepository.js","statementMap":{"0":{"start":{"line":1,"column":21},"end":{"line":1,"column":43}},"1":{"start":{"line":2,"column":15},"end":{"line":2,"column":35}},"2":{"start":{"line":3,"column":15},"end":{"line":3,"column":42}},"3":{"start":{"line":5,"column":0},"end":{"line":56,"column":1}},"4":{"start":{"line":7,"column":4},"end":{"line":7,"column":22}},"5":{"start":{"line":8,"column":19},"end":{"line":8,"column":32}},"6":{"start":{"line":10,"column":4},"end":{"line":15,"column":8}},"7":{"start":{"line":11,"column":6},"end":{"line":11,"column":35}},"8":{"start":{"line":14,"column":8},"end":{"line":14,"column":35}},"9":{"start":{"line":19,"column":19},"end":{"line":19,"column":81}},"10":{"start":{"line":20,"column":4},"end":{"line":24,"column":5}},"11":{"start":{"line":21,"column":6},"end":{"line":21,"column":51}},"12":{"start":{"line":23,"column":6},"end":{"line":23,"column":17}},"13":{"start":{"line":28,"column":4},"end":{"line":28,"column":25}},"14":{"start":{"line":30,"column":23},"end":{"line":30,"column":96}},"15":{"start":{"line":31,"column":48},"end":{"line":31,"column":56}},"16":{"start":{"line":33,"column":4},"end":{"line":48,"column":5}},"17":{"start":{"line":34,"column":6},"end":{"line":45,"column":7}},"18":{"start":{"line":35,"column":8},"end":{"line":42,"column":9}},"19":{"start":{"line":36,"column":25},"end":{"line":36,"column":49}},"20":{"start":{"line":37,"column":10},"end":{"line":37,"column":29}},"21":{"start":{"line":38,"column":25},"end":{"line":38,"column":144}},"22":{"start":{"line":39,"column":10},"end":{"line":39,"column":38}},"23":{"start":{"line":41,"column":10},"end":{"line":41,"column":37}},"24":{"start":{"line":44,"column":8},"end":{"line":44,"column":57}},"25":{"start":{"line":47,"column":6},"end":{"line":47,"column":47}},"26":{"start":{"line":52,"column":19},"end":{"line":52,"column":75}},"27":{"start":{"line":54,"column":4},"end":{"line":54,"column":49}}},"fnMap":{"0":{"name":"(anonymous_0)","decl":{"start":{"line":6,"column":2},"end":{"line":6,"column":3}},"loc":{"start":{"line":6,"column":25},"end":{"line":16,"column":3}},"line":6},"1":{"name":"(anonymous_1)","decl":{"start":{"line":10,"column":32},"end":{"line":10,"column":33}},"loc":{"start":{"line":10,"column":43},"end":{"line":12,"column":5}},"line":10},"2":{"name":"(anonymous_2)","decl":{"start":{"line":13,"column":13},"end":{"line":13,"column":14}},"loc":{"start":{"line":13,"column":22},"end":{"line":15,"column":7}},"line":13},"3":{"name":"(anonymous_3)","decl":{"start":{"line":18,"column":2},"end":{"line":18,"column":3}},"loc":{"start":{"line":18,"column":39},"end":{"line":25,"column":3}},"line":18},"4":{"name":"(anonymous_4)","decl":{"start":{"line":27,"column":2},"end":{"line":27,"column":3}},"loc":{"start":{"line":27,"column":29},"end":{"line":49,"column":3}},"line":27},"5":{"name":"(anonymous_5)","decl":{"start":{"line":51,"column":2},"end":{"line":51,"column":3}},"loc":{"start":{"line":51,"column":27},"end":{"line":55,"column":3}},"line":51}},"branchMap":{"0":{"loc":{"start":{"line":20,"column":4},"end":{"line":24,"column":5}},"type":"if","locations":[{"start":{"line":20,"column":4},"end":{"line":24,"column":5}},{"start":{"line":20,"column":4},"end":{"line":24,"column":5}}],"line":20},"1":{"loc":{"start":{"line":33,"column":4},"end":{"line":48,"column":5}},"type":"if","locations":[{"start":{"line":33,"column":4},"end":{"line":48,"column":5}},{"start":{"line":33,"column":4},"end":{"line":48,"column":5}}],"line":33},"2":{"loc":{"start":{"line":33,"column":8},"end":{"line":33,"column":89}},"type":"binary-expr","locations":[{"start":{"line":33,"column":8},"end":{"line":33,"column":25}},{"start":{"line":33,"column":29},"end":{"line":33,"column":50}},{"start":{"line":33,"column":54},"end":{"line":33,"column":68}},{"start":{"line":33,"column":72},"end":{"line":33,"column":89}}],"line":33},"3":{"loc":{"start":{"line":34,"column":6},"end":{"line":45,"column":7}},"type":"if","locations":[{"start":{"line":34,"column":6},"end":{"line":45,"column":7}},{"start":{"line":34,"column":6},"end":{"line":45,"column":7}}],"line":34}},"s":{"0":1,"1":1,"2":1,"3":1,"4":0,"5":0,"6":0,"7":0,"8":0,"9":0,"10":0,"11":0,"12":0,"13":0,"14":0,"15":0,"16":0,"17":0,"18":0,"19":0,"20":0,"21":0,"22":0,"23":0,"24":0,"25":0,"26":0,"27":0},"f":{"0":0,"1":0,"2":0,"3":0,"4":0,"5":0},"b":{"0":[0,0],"1":[0,0],"2":[0,0,0,0],"3":[0,0]},"_coverageSchema":"1a1c01bbd47fc00a2c39e90264f33305004495a9","hash":"3154d9848ff033ef3d93c1f9b49600dfef162494","contentHash":"b9628b1fbdaefa0eb2b9d016d926a146d139d2329b950c7d928817f4f1c5f78e"},"C:\\Users\\muril\\OneDrive\\Documentos\\LDSO\\t3g3\\back-end\\routes\\tenantRoutes.js":{"path":"C:\\Users\\muril\\OneDrive\\Documentos\\LDSO\\t3g3\\back-end\\routes\\tenantRoutes.js","statementMap":{"0":{"start":{"line":1,"column":16},"end":{"line":1,"column":34}},"1":{"start":{"line":2,"column":15},"end":{"line":2,"column":31}},"2":{"start":{"line":4,"column":25},"end":{"line":4,"column":67}},"3":{"start":{"line":5,"column":26},"end":{"line":5,"column":68}},"4":{"start":{"line":7,"column":0},"end":{"line":7,"column":47}},"5":{"start":{"line":8,"column":0},"end":{"line":8,"column":44}},"6":{"start":{"line":9,"column":0},"end":{"line":9,"column":55}},"7":{"start":{"line":11,"column":0},"end":{"line":11,"column":23}}},"fnMap":{},"branchMap":{},"s":{"0":1,"1":1,"2":1,"3":1,"4":1,"5":1,"6":1,"7":1},"f":{},"b":{},"_coverageSchema":"1a1c01bbd47fc00a2c39e90264f33305004495a9","hash":"4644b448f18b914254373dadd80044e13cf
[...]
":1,"4":0,"5":0,"6":0,"7":0,"8":0,"9":1,"10":0,"11":0,"12":0,"13":0,"14":0,"15":1,"16":0,"17":0,"18":0,"19":0,"20":0,"21":0,"22":1,"23":0,"24":0,"25":0,"26":0,"27":0,"28":0,"29":1,"30":0,"31":0,"32":0,"33":0,"34":0,"35":0,"36":1,"37":0,"38":0,"39":0,"40":0,"41":0,"42":1,"43":0,"44":0,"45":0,"46":0,"47":0,"48":0,"49":0,"50":0},"f":{"0":0,"1":0,"2":0,"3":0,"4":0,"5":0,"6":0,"7":0},"b":{},"_coverageSchema":"1a1c01bbd47fc00a2c39e90264f33305004495a9","hash":"4352c295484aa602df100980a4190e36f7949273","contentHash":"fa076179356c4c048cf48d49447839807cd7d91338264ebfaa7745d70e1e857d"},"C:\\Users\\muril\\OneDrive\\Documentos\\LDSO\\t3g3\\back-end\\repository\\competitionRepository.js":{"path":"C:\\Users\\muril\\OneDrive\\Documentos\\LDSO\\t3g3\\back-end\\repository\\competitionRepository.js","statementMap":{"0":{"start":{"line":1,"column":21},"end":{"line":1,"column":43}},"1":{"start":{"line":2,"column":15},"end":{"line":2,"column":35}},"2":{"start":{"line":3,"column":29},"end":{"line":3,"column":65}},"3":{"start":{"line":4,"column":27},"end":{"line":4,"column":61}},"4":{"start":{"line":6,"column":0},"end":{"line":117,"column":1}},"5":{"start":{"line":8,"column":24},"end":{"line":8,"column":42}},"6":{"start":{"line":9,"column":4},"end":{"line":14,"column":8}},"7":{"start":{"line":10,"column":6},"end":{"line":10,"column":40}},"8":{"start":{"line":13,"column":8},"end":{"line":13,"column":35}},"9":{"start":{"line":18,"column":24},"end":{"line":18,"column":61}},"10":{"start":{"line":20,"column":4},"end":{"line":20,"column":59}},"11":{"start":{"line":25,"column":20},"end":{"line":25,"column":66}},"12":{"start":{"line":30,"column":8},"end":{"line":30,"column":16}},"13":{"start":{"line":32,"column":4},"end":{"line":57,"column":5}},"14":{"start":{"line":33,"column":6},"end":{"line":54,"column":7}},"15":{"start":{"line":34,"column":8},"end":{"line":34,"column":27}},"16":{"start":{"line":35,"column":27},"end":{"line":35,"column":48}},"17":{"start":{"line":36,"column":8},"end":{"line":36,"column":31}},"18":{"start":{"line":37,"column":28},"end":{"line":48,"column":10}},"19":{"start":{"line":50,"column":8},"end":{"line":50,"column":70}},"20":{"start":{"line":51,"column":8},"end":{"line":51,"column":41}},"21":{"start":{"line":53,"column":8},"end":{"line":53,"column":35}},"22":{"start":{"line":56,"column":6},"end":{"line":56,"column":50}},"23":{"start":{"line":61,"column":4},"end":{"line":61,"column":26}},"24":{"start":{"line":62,"column":17},"end":{"line":62,"column":64}},"25":{"start":{"line":63,"column":4},"end":{"line":63,"column":21}},"26":{"start":{"line":64,"column":4},"end":{"line":83,"column":5}},"27":{"start":{"line":65,"column":6},"end":{"line":80,"column":7}},"28":{"start":{"line":66,"column":8},"end":{"line":76,"column":9}},"29":{"start":{"line":67,"column":10},"end":{"line":70,"column":11}},"30":{"start":{"line":72,"column":10},"end":{"line":75,"column":11}},"31":{"start":{"line":77,"column":8},"end":{"line":77,"column":41}},"32":{"start":{"line":79,"column":8},"end":{"line":79,"column":35}},"33":{"start":{"line":82,"column":6},"end":{"line":82,"column":55}},"34":{"start":{"line":87,"column":4},"end":{"line":87,"column":26}},"35":{"start":{"line":88,"column":17},"end":{"line":88,"column":64}},"36":{"start":{"line":93,"column":8},"end":{"line":93,"column":16}},"37":{"start":{"line":94,"column":4},"end":{"line":115,"column":5}},"38":{"start":{"line":95,"column":6},"end":{"line":112,"column":7}},"39":{"start":{"line":96,"column":8},"end":{"line":108,"column":9}},"40":{"start":{"line":109,"column":8},"end":{"line":109,"column":41}},"41":{"start":{"line":111,"column":8},"end":{"line":111,"column":35}},"42":{"start":{"line":114,"column":6},"end":{"line":114,"column":55}}},"fnMap":{"0":{"name":"(anonymous_0)","decl":{"start":{"line":7,"column":2},"end":{"line":7,"column":3}},"loc":{"start":{"line":7,"column":25},"end":{"line":15,"column":3}},"line":7},"1":{"name":"(anonymous_1)","decl":{"start":{"line":9,"column":37},"end":{"line":9,"column":38}},"loc":{"start":{"line":9,"column":53},"end":{"line":11,"column":5}},"line":9},"2":{"name":"(anonymous_2)","decl":{"start":{"line":12,"column":13},"end":{"line":12,"column":14}},"loc":{"start":{"line":12,"column":22},"end":{"line":14,"column":7}},"line":12},"3":{"name":"(anonymous_3)","decl":{"start":{"line":17,"column":2},"end":{"line":17,"column":3}},"loc":{"start":{"line":17,"column":21},"end":{"line":21,"column":3}},"line":17},"4":{"name":"(anonymous_4)","decl":{"start":{"line":23,"column":2},"end":{"line":23,"column":3}},"loc":{"start":{"line":23,"column":34},"end":{"line":58,"column":3}},"line":23},"5":{"name":"(anonymous_5)","decl":{"start":{"line":60,"column":2},"end":{"line":60,"column":3}},"loc":{"start":{"line":60,"column":37},"end":{"line":84,"column":3}},"line":60},"6":{"name":"(anonymous_6)","decl":{"start":{"line":86,"column":2},"end":{"line":86,"column":3}},"loc":{"start":{"line":86,"column":45},"end":{"line":116,"column":3}},"line":86}},"branchMap":{"0":{"loc":{"start":{"line":32,"column":4},"end":{"line":57,"column":5}},"type":"if","locations":[{"start":{"line":32,"column":4},"end":{"line":57,"column":5}},{"start":{"line":32,"column":4},"end":{"line":57,"column":5}}],"line":32},"1":{"loc":{"start":{"line":64,"column":4},"end":{"line":83,"column":5}},"type":"if","locations":[{"start":{"line":64,"column":4},"end":{"line":83,"column":5}},{"start":{"line":64,"column":4},"end":{"line":83,"column":5}}],"line":64},"2":{"loc":{"start":{"line":66,"column":8},"end":{"line":76,"column":9}},"type":"if","locations":[{"start":{"line":66,"column":8},"end":{"line":76,"column":9}},{"start":{"line":66,"column":8},"end":{"line":76,"column":9}}],"line":66},"3":{"loc":{"start":{"line":94,"column":4},"end":{"line":115,"column":5}},"type":"if","locations":[{"start":{"line":94,"column":4},"end":{"line":115,"column":5}},{"start":{"line":94,"column":4},"end":{"line":115,"column":5}}],"line":94}},"s":{"0":1,"1":1,"2":1,"3":1,"4":1,"5":0,"6":0,"7":0,"8":0,"9":0,"10":0,"11":0,"12":0,"13":0,"14":0,"15":0,"16":0,"17":0,"18":0,"19":0,"20":0,"21":0,"22":0,"23":0,"24":0,"25":0,"26":0,"27":0,"28":0,"29":0,"30":0,"31":0,"32":0,"33":0,"34":0,"35":0,"36":0,"37":0,"38":0,"39":0,"40":0,"41":0,"42":0},"f":{"0":0,"1":0,"2":0,"3":0,"4":0,"5":0,"6":0},"b":{"0":[0,0],"1":[0,0],"2":[0,0],"3":[0,0]},"_coverageSchema":"1a1c01bbd47fc00a2c39e90264f33305004495a9","hash":"379c9ca476c1fc119f19976fdb05489c938538c5","contentHash":"ef3e5183366f45d77902a7f69be535458662c89f667b282c344df6c9f5704eff"},"C:\\Users\\muril\\OneDrive\\Documentos\\LDSO\\t3g3\\back-end\\repository\\questionRepository.js":{"path":"C:\\Users\\muril\\OneDrive\\Documentos\\LDSO\\t3g3\\back-end\\repository\\questionRepository.js","statementMap":{"0":{"start":{"line":1,"column":15},"end":{"line":1,"column":35}},"1":{"start":{"line":2,"column":17},"end":{"line":2,"column":46}},"2":{"start":{"line":4,"column":18},"end":{"line":11,"column":20}},"3":{"start":{"line":13,"column":0},"end":{"line":69,"column":1}},"4":{"start":{"line":16,"column":4},"end":{"line":16,"column":28}},"5":{"start":{"line":17,"column":4},"end":{"line":17,"column":41}},"6":{"start":{"line":19,"column":4},"end":{"line":38,"column":5}},"7":{"start":{"line":20,"column":6},"end":{"line":31,"column":7}},"8":{"start":{"line":20,"column":23},"end":{"line":20,"column":24}},"9":{"start":{"line":21,"column":24},"end":{"line":21,"column":40}},"10":{"start":{"line":22,"column":8},"end":{"line":22,"column":28}},"11":{"start":{"line":23,"column":8},"end":{"line":30,"column":9}},"12":{"start":{"line":31,"column":8},"end":{"line":31,"column":19}},"13":{"start":{"line":36,"column":6},"end":{"line":36,"column":24}},"14":{"start":{"line":37,"column":6},"end":{"line":37,"column":18}},"15":{"start":{"line":42,"column":18},"end":{"line":42,"column":97}},"16":{"start":{"line":43,"column":4},"end":{"line":43,"column":22}},"17":{"start":{"line":44,"column":4},"end":{"line":54,"column":5}},"18":{"start":{"line":45,"column":23},"end":{"line":50,"column":8}},"19":{"start":{"line":51,"column":6},"end":{"line":51,"column":21}},"20":{"start":{"line":53,"column":6},"end":{"line":53,"column":18}},"21":{"start":{"line":58,"column":4},"end":{"line":67,"column":5}},"22":{"start":{"line":59,"column":22},"end":{"line":63,"column":8}},"23":{"start":{"line":64,"column":6},"end":{"line":64,"column":17}},"24":{"start":{"line":66,"column":6},"end":{"line":66,"column":18}}},"fnMap":{"0":{"name":"(anonymous_0)","decl":{"start":{"line":15,"column":2},"end":{"line":15,"column":3}},"loc":{"start":{"line":15,"column":36},"end":{"line":39,"column":3}},"line":15},"1":{"name":"(anonymous_1)","decl":{"start":{"line":41,"column":2},"end":{"line":41,"column":3}},"loc":{"start":{"line":41,"column":50},"end":{"line":55,"column":3}},"line":41},"2":{"name":"(anonymous_2)","decl":{"start":{"line":57,"column":2},"end":{"line":57,"column":3}},"loc":{"start":{"line":57,"column":48},"end":{"line":68,"column":3}},"line":57}},"branchMap":{},"s":{"0":1,"1":1,"2":1,"3":1,"4":0,"5":0,"6":0,"7":0,"8":0,"9":0,"10":0,"11":0,"12":0,"13":0,"14":0,"15":0,"16":0,"17":0,"18":0,"19":0,"20":0,"21":0,"22":0,"23":0,"24":0},"f":{"0":0,"1":0,"2":0},"b":{},"_coverageSchema":"1a1c01bbd47fc00a2c39e90264f33305004495a9","hash":"d1d9e961aba4d21ac6a69f86919229b3300defab","contentHash":"bbe3cb787d8bb54f00fe0dfdd4cfed35b5c107f1e193bfbd35c3f98208a44805"},"C:\\Users\\muril\\OneDrive\\Documentos\\LDSO\\t3g3\\back-end\\routes\\orderRoutes.js":{"path":"C:\\Users\\muril\\OneDrive\\Documentos\\LDSO\\t3g3\\back-end\\routes\\orderRoutes.js","statementMap":{"0":{"start":{"line":1,"column":16},"end":{"line":1,"column":34}},"1":{"start":{"line":2,"column":15},"end":{"line":2,"column":31}},"2":{"start":{"line":4,"column":24},"end":{"line":4,"column":65}},"3":{"start":{"line":6,"column":0},"end":{"line":6,"column":45}},"4":{"start":{"line":7,"column":0},"end":{"line":7,"column":42}},"5":{"start":{"line":9,"column":0},"end":{"line":9,"column":23}}},"fnMap":{},"branchMap":{},"s":{"0":1,"1":1,"2":1,"3":1,"4":1,"5":1},"f":{},"b":{},"_coverageSchema":"1a1c01bbd47fc00a2c39e90264f33305004495a9","hash":"0fc1250b781ac0241d872b78905647ba3927e59c","contentHash":"d4e6f65b449bd44f020e4a2e151864f13e42628902639924b73edd5f7c6fb18a"},"C:\\Users\\muril\\OneDrive\\Documentos\\LDSO\\t3g3\\back-end\\controllers\\orderController.js":{"path":"C:\\Users\\muril\\OneDrive\\Documentos\\LDSO\\t3g3\\back-end\\controllers\\orderController.js","statementMap":{"0":{"start":{"line":1,"column":24},"end":{"line":1,"column":64}},"1":{"start":{"line":3,"column":0},"end":{"line":22,"column":1}},"2":{"start":{"line":4,"column":2},"end":{"line":10,"column":3}},"3":{"start":{"line":5,"column":20},"end":{"line":5,"column":57}},"4":{"start":{"line":6,"column":4},"end":{"line":6,"column":21}},"5":{"start":{"line":8,"column":4},"end":{"line":8,"column":18}},"6":{"start":{"line":9,"column":4},"end":{"line":9,"column":23}},"7":{"start":{"line":14,"column":2},"end":{"line":21,"column":3}},"8":{"start":{"line":15,"column":4},"end":{"line":15,"column":25}},"9":{"start":{"line":16,"column":20},"end":{"line":16,"column":60}},"10":{"start":{"line":17,"column":4},"end":{"line":17,"column":21}},"11":{"start":{"line":19,"column":4},"end":{"line":19,"column":18}},"12":{"start":{"line":20,"column":4},"end":{"line":20,"column":23}}},"fnMap":{"0":{"name":"(anonymous_0)","decl":{"start":{"line":3,"column":23},"end":{"line":3,"column":24}},"loc":{"start":{"line":3,"column":55},"end":{"line":11,"column":1}},"line":3},"1":{"name":"(anonymous_1)","decl":{"start":{"line":13,"column":19},"end":{"line":13,"column":20}},"loc":{"start":{"line":13,"column":45},"end":{"line":22,"column":1}},"line":13}},"branchMap":{},"s":{"0":1,"1":1,"2":0,"3":0,"4":0,"5":0,"6":0,"7":0,"8":0,"9":0,"10":0,"11":0,"12":0},"f":{"0":0,"1":0},"b":{},"_coverageSchema":"1a1c01bbd47fc00a2c39e90264f33305004495a9","hash":"671f3ee3c58401bdb4d7c60b0f66ab0cf250c583","contentHash":"3441e96e17da93af6fba534329108f853567c3ceefc2472d14f166e53189ba50"},"C:\\Users\\muril\\OneDrive\\Documentos\\LDSO\\t3g3\\back-end\\repository\\orderRepository.js":{"path":"C:\\Users\\muril\\OneDrive\\Documentos\\LDSO\\t3g3\\back-end\\repository\\orderRepository.js","statementMap":{"0":{"start":{"line":1,"column":21},"end":{"line":1,"column":43}},"1":{"start":{"line":2,"column":15},"end":{"line":2,"column":35}},"2":{"start":{"line":4,"column":0},"end":{"line":49,"column":1}},"3":{"start":{"line":6,"column":18},"end":{"line":6,"column":30}},"4":{"start":{"line":7,"column":4},"end":{"line":12,"column":8}},"5":{"start":{"line":8,"column":6},"end":{"line":8,"column":33}},"6":{"start":{"line":11,"column":8},"end":{"line":11,"column":35}},"7":{"start":{"line":16,"column":20},"end":{"line":16,"column":70}},"8":{"start":{"line":17,"column":17},"end":{"line":17,"column":61}},"9":{"start":{"line":24,"column":8},"end":{"line":24,"column":16}},"10":{"start":{"line":26,"column":4},"end":{"line":47,"column":5}},"11":{"start":{"line":27,"column":6},"end":{"line":44,"column":7}},"12":{"start":{"line":28,"column":8},"end":{"line":28,"column":27}},"13":{"start":{"line":29,"column":27},"end":{"line":29,"column":48}},"14":{"start":{"line":30,"column":26},"end":{"line":30,"column":44}},"15":{"start":{"line":31,"column":22},"end":{"line":40,"column":12}},"16":{"start":{"line":41,"column":8},"end":{"line":41,"column":35}},"17":{"start":{"line":43,"column":8},"end":{"line":43,"column":35}},"18":{"start":{"line":46,"column":6},"end":{"line":46,"column":59}}},"fnMap":{"0":{"name":"(anonymous_0)","decl":{"start":{"line":5,"column":2},"end":{"line":5,"column":3}},"loc":{"start":{"line":5,"column":25},"end":{"line":13,"column":3}},"line":5},"1":{"name":"(anonymous_1)","decl":{"start":{"line":7,"column":31},"end":{"line":7,"column":32}},"loc":{"start":{"line":7,"column":40},"end":{"line":9,"column":5}},"line":7},"2":{"name":"(anonymous_2)","decl":{"start":{"line":10,"column":13},"end":{"line":10,"column":14}},"loc":{"start":{"line":10,"column":22},"end":{"line":12,"column":7}},"line":10},"3":{"name":"(anonymous_3)","decl":{"start":{"line":14,"column":2},"end":{"line":14,"column":3}},"loc":{"start":{"line":14,"column":28},"end":{"line":48,"column":3}},"line":14}},"branchMap":{"0":{"loc":{"start":{"line":26,"column":4},"end":{"line":47,"column":5}},"type":"if","locations":[{"start":{"line":26,"column":4},"end":{"line":47,"column":5}},{"start":{"line":26,"column":4},"end":{"line":47,"column":5}}],"line":26},"1":{"loc":{"start":{"line":26,"column":8},"end":{"line":26,"column":23}},"type":"binary-expr","locations":[{"start":{"line":26,"column":8},"end":{"line":26,"column":15}},{"start":{"line":26,"column":19},"end":{"line":26,"column":23}}],"line":26}},"s":{"0":1,"1":1,"2":1,"3":0,"4":0,"5":0,"6":0,"7":0,"8":0,"9":0,"10":0,"11":0,"12":0,"13":0,"14":0,"15":0,"16":0,"17":0,"18":0},"f":{"0":0,"1":0,"2":0,"3":0},"b":{"0":[0,0],"1":[0,0]},"_coverageSchema":"1a1c01bbd47fc00a2c39e90264f33305004495a9","hash":"7096bc4e932eed81baa8cd5b6cc3a9da67f66e43","contentHash":"5543b84429cd3554798250b4c0ecad03277f88ec7397749f930a1a0c78ac1678"},"C:\\Users\\muril\\OneDrive\\Documentos\\LDSO\\t3g3\\back-end\\routes\\AuthRoutes.js":{"path":"C:\\Users\\muril\\OneDrive\\Documentos\\LDSO\\t3g3\\back-end\\routes\\AuthRoutes.js","statementMap":{"0":{"start":{"line":1,"column":16},"end":{"line":1,"column":34}},"1":{"start":{"line":2,"column":15},"end":{"line":2,"column":31}},"2":{"start":{"line":4,"column":23},"end":{"line":4,"column":63}},"3":{"start":{"line":6,"column":0},"end":{"line":6,"column":37}},"4":{"start":{"line":8,"column":0},"end":{"line":8,"column":23}}},"fnMap":{},"branchMap":{},"s":{"0":1,"1":1,"2":1,"3":1,"4":1},"f":{},"b":{},"_coverageSchema":"1a1c01bbd47fc00a2c39e90264f33305004495a9","hash":"6f7ad2acf32020ed26a3ddf17147cd6ad0953f37","contentHash":"b20db883f2d8752c8b2cef2c2d936d58122d76bd9702d28cc748cdf883fb0919"},"C:\\Users\\muril\\OneDrive\\Documentos\\LDSO\\t3g3\\back-end\\controllers\\AuthController.js":{"path":"C:\\Users\\muril\\OneDrive\\Documentos\\LDSO\\t3g3\\back-end\\controllers\\AuthController.js","statementMap":{"0":{"start":{"line":1,"column":25},"end":{"line":1,"column":66}},"1":{"start":{"line":2,"column":29},"end":{"line":2,"column":74}},"2":{"start":{"line":3,"column":23},"end":{"line":3,"column":62}},"3":{"start":{"line":4,"column":15},"end":{"line":4,"column":34}},"4":{"start":{"line":5,"column":12},"end":{"line":5,"column":35}},"5":{"start":{"line":6,"column":13},"end":{"line":6,"column":43}},"6":{"start":{"line":8,"column":0},"end":{"line":49,"column":1}},"7":{"start":{"line":9,"column":30},"end":{"line":9,"column":38}},"8":{"start":{"line":10,"column":2},"end":{"line":48,"column":3}},"9":{"start":{"line":11,"column":19},"end":{"line":11,"column":59}},"10":{"start":{"line":13,"column":4},"end":{"line":44,"column":5}},"11":{"start":{"line":14,"column":19},"end":{"line":14,"column":57}},"12":{"start":{"line":16,"column":6},"end":{"line":30,"column":7}},"13":{"start":{"line":17,"column":8},"end":{"line":27,"column":9}},"14":{"start":{"line":18,"column":10},"end":{"line":18,"column":62}},"15":{"start":{"line":20,"column":27},"end":{"line":20,"column":80}},"16":{"start":{"line":21,"column":10},"end":{"line":21,"column":44}},"17":{"start":{"line":22,"column":10},"end":{"line":22,"column":29}},"18":{"start":{"line":23,"column":10},"end":{"line":23,"column":35}},"19":{"start":{"line":24,"column":26},"end":{"line":24,"column":41}},"20":{"start":{"line":25,"column":25},"end":{"line":25,"column":77}},"21":{"start":{"line":26,"column":10},"end":{"line":26,"column":74}},"22":{"start":{"line":29,"column":8},"end":{"line":29,"column":54}},"23":{"start":{"line":32,"column":6},"end":{"line":43,"column":7}},"24":{"start":{"line":33,"column":8},"end":{"line":33,"column":60}},"25":{"start":{"line":35,"column":27},"end":{"line":35,"column":93}},"26":{"start":{"line":36,"column":8},"end":{"line":36,"column":44}},"27":{"start":{"line":37,"column":8},"end":{"line":37,"column":29}},"28":{"start":{"line":38,"column":8},"end":{"line":38,"column":35}},"29":{"start":{"line":40,"column":24},"end":{"line":40,"column":39}},"30":{"start":{"line":41,"column":8},"end":{"line":41,"column":77}},"31":{"start":{"line":42,"column":8},"end":{"line":42,"column":76}},"32":{"start":{"line":46,"column":4},"end":{"line":46,"column":32}},"33":{"start":{"line":47,"column":4},"end":{"line":47,"column":56}}},"fnMap":{"0":{"name":"(anonymous_0)","decl":{"start":{"line":8,"column":16},"end":{"line":8,"column":17}},"loc":{"start":{"line":8,"column":42},"end":{"line":49,"column":1}},"line":8}},"branchMap":{"0":{"loc":{"start":{"line":13,"column":4},"end":{"line":44,"column":5}},"type":"if","locations":[{"start":{"line":13,"column":4},"end":{"line":44,"column":5}},{"start":{"line":13,"column":4},"end":{"line":44,"column":5}}],"line":13},"1":{"loc":{"start":{"line":16,"column":6},"end":{"line":30,"column":7}},"type":"if","locations":[{"start":{"line":16,"column":6},"end":{"line":30,"column":7}},{"start":{"line":16,"column":6},"end":{"line":30,"column":7}}],"line":16},"2":{"loc":{"start":{"line":17,"column":8},"end":{"line":27,"column":9}},"type":"if","locations":[{"start":{"line":17,"column":8},"end":{"line":27,"column":9}},{"start":{"line":17,"column":8},"end":{"line":27,"column":9}}],"line":17},"3":{"loc":{"start":{"line":32,"column":6},"end":{"line":43,"column":7}},"type":"if","locations":[{"start":{"line":32,"column":6},"end":{"line":43,"column":7}},{"start":{"line":32,"column":6},"end":{"line":43,"column":7}}],"line":32}},"s":{"0":1,"1":1,"2":1,"3":1,"4":1,"5":1,"6":1,"7":0,"8":0,"9":0,"10":0,"11":0,"12":0,"13":0,"14":0,"15":0,"16":0,"17":0,"18":0,"19":0,"20":0,"21":0,"22":0,"23":0,"24":0,"25":0,"26":0,"27":0,"28":0,"29":0,"30":0,"31":0,"32":0,"33":0},"f":{"0":0},"b":{"0":[0,0],"1":[0,0],"2":[0,0],"3":[0,0]},"_coverageSchema":"1a1c01bbd47fc00a2c39e90264f33305004495a9","hash":"527a151a53c058d1eb7fc3648086015f615c8452","contentHash":"375d819a7d76321acc0635e284c8f5814d7e01cf411c116635e3882ea1cd1326"}}